{"/Users/georgenolan/group21-phase1/src/metrics.js": {"path":"/Users/georgenolan/group21-phase1/src/metrics.js","statementMap":{"0":{"start":{"line":8,"column":22},"end":{"line":18,"column":3}},"1":{"start":{"line":9,"column":4},"end":{"line":9,"column":33}},"2":{"start":{"line":9,"column":26},"end":{"line":9,"column":33}},"3":{"start":{"line":10,"column":15},"end":{"line":10,"column":52}},"4":{"start":{"line":11,"column":4},"end":{"line":13,"column":5}},"5":{"start":{"line":12,"column":6},"end":{"line":12,"column":68}},"6":{"start":{"line":12,"column":51},"end":{"line":12,"column":63}},"7":{"start":{"line":14,"column":4},"end":{"line":14,"column":39}},"8":{"start":{"line":16,"column":4},"end":{"line":16,"column":33}},"9":{"start":{"line":16,"column":26},"end":{"line":16,"column":33}},"10":{"start":{"line":17,"column":4},"end":{"line":17,"column":17}},"11":{"start":{"line":19,"column":25},"end":{"line":23,"column":2}},"12":{"start":{"line":20,"column":4},"end":{"line":20,"column":72}},"13":{"start":{"line":22,"column":4},"end":{"line":22,"column":21}},"14":{"start":{"line":24,"column":19},"end":{"line":30,"column":1}},"15":{"start":{"line":25,"column":4},"end":{"line":25,"column":42}},"16":{"start":{"line":25,"column":31},"end":{"line":25,"column":42}},"17":{"start":{"line":26,"column":17},"end":{"line":26,"column":19}},"18":{"start":{"line":27,"column":4},"end":{"line":27,"column":141}},"19":{"start":{"line":27,"column":21},"end":{"line":27,"column":141}},"20":{"start":{"line":27,"column":40},"end":{"line":27,"column":141}},"21":{"start":{"line":27,"column":109},"end":{"line":27,"column":141}},"22":{"start":{"line":28,"column":4},"end":{"line":28,"column":36}},"23":{"start":{"line":29,"column":4},"end":{"line":29,"column":18}},"24":{"start":{"line":31,"column":22},"end":{"line":33,"column":1}},"25":{"start":{"line":32,"column":4},"end":{"line":32,"column":62}},"26":{"start":{"line":35,"column":0},"end":{"line":35,"column":62}},"27":{"start":{"line":36,"column":0},"end":{"line":36,"column":40}},"28":{"start":{"line":37,"column":0},"end":{"line":37,"column":34}},"29":{"start":{"line":38,"column":0},"end":{"line":38,"column":26}},"30":{"start":{"line":39,"column":0},"end":{"line":39,"column":48}},"31":{"start":{"line":40,"column":0},"end":{"line":40,"column":24}},"32":{"start":{"line":41,"column":0},"end":{"line":41,"column":26}},"33":{"start":{"line":42,"column":0},"end":{"line":42,"column":30}},"34":{"start":{"line":43,"column":0},"end":{"line":43,"column":52}},"35":{"start":{"line":44,"column":18},"end":{"line":44,"column":57}},"36":{"start":{"line":45,"column":13},"end":{"line":45,"column":42}},"37":{"start":{"line":46,"column":13},"end":{"line":46,"column":26}},"38":{"start":{"line":47,"column":24},"end":{"line":47,"column":48}},"39":{"start":{"line":48,"column":16},"end":{"line":48,"column":49}},"40":{"start":{"line":49,"column":15},"end":{"line":49,"column":32}},"41":{"start":{"line":50,"column":15},"end":{"line":50,"column":46}},"42":{"start":{"line":51,"column":17},"end":{"line":51,"column":34}},"43":{"start":{"line":52,"column":11},"end":{"line":52,"column":38}},"44":{"start":{"line":53,"column":16},"end":{"line":53,"column":48}},"45":{"start":{"line":54,"column":0},"end":{"line":54,"column":16}},"46":{"start":{"line":55,"column":21},"end":{"line":55,"column":88}},"47":{"start":{"line":56,"column":22},"end":{"line":56,"column":82}},"48":{"start":{"line":57,"column":19},"end":{"line":57,"column":44}},"49":{"start":{"line":58,"column":18},"end":{"line":58,"column":97}},"50":{"start":{"line":59,"column":17},"end":{"line":59,"column":37}},"51":{"start":{"line":60,"column":0},"end":{"line":65,"column":3}},"52":{"start":{"line":66,"column":0},"end":{"line":66,"column":43}},"53":{"start":{"line":67,"column":16},"end":{"line":73,"column":1}},"54":{"start":{"line":74,"column":16},"end":{"line":74,"column":108}},"55":{"start":{"line":82,"column":4},"end":{"line":134,"column":7}},"56":{"start":{"line":84,"column":22},"end":{"line":84,"column":45}},"57":{"start":{"line":85,"column":27},"end":{"line":85,"column":62}},"58":{"start":{"line":86,"column":30},"end":{"line":86,"column":32}},"59":{"start":{"line":87,"column":24},"end":{"line":87,"column":26}},"60":{"start":{"line":88,"column":30},"end":{"line":88,"column":40}},"61":{"start":{"line":89,"column":24},"end":{"line":89,"column":25}},"62":{"start":{"line":90,"column":22},"end":{"line":90,"column":23}},"63":{"start":{"line":92,"column":12},"end":{"line":94,"column":13}},"64":{"start":{"line":93,"column":16},"end":{"line":93,"column":23}},"65":{"start":{"line":95,"column":30},"end":{"line":99,"column":14}},"66":{"start":{"line":100,"column":31},"end":{"line":100,"column":61}},"67":{"start":{"line":101,"column":12},"end":{"line":101,"column":92}},"68":{"start":{"line":102,"column":12},"end":{"line":124,"column":15}},"69":{"start":{"line":103,"column":16},"end":{"line":106,"column":19}},"70":{"start":{"line":107,"column":16},"end":{"line":107,"column":28}},"71":{"start":{"line":108,"column":16},"end":{"line":123,"column":17}},"72":{"start":{"line":109,"column":37},"end":{"line":114,"column":25}},"73":{"start":{"line":110,"column":43},"end":{"line":110,"column":63}},"74":{"start":{"line":111,"column":44},"end":{"line":111,"column":73}},"75":{"start":{"line":112,"column":45},"end":{"line":112,"column":64}},"76":{"start":{"line":113,"column":24},"end":{"line":113,"column":64}},"77":{"start":{"line":115,"column":40},"end":{"line":115,"column":231}},"78":{"start":{"line":115,"column":181},"end":{"line":115,"column":224}},"79":{"start":{"line":116,"column":48},"end":{"line":116,"column":95}},"80":{"start":{"line":116,"column":76},"end":{"line":116,"column":94}},"81":{"start":{"line":117,"column":20},"end":{"line":119,"column":45}},"82":{"start":{"line":118,"column":24},"end":{"line":118,"column":45}},"83":{"start":{"line":122,"column":20},"end":{"line":122,"column":46}},"84":{"start":{"line":125,"column":12},"end":{"line":127,"column":15}},"85":{"start":{"line":126,"column":16},"end":{"line":126,"column":28}},"86":{"start":{"line":128,"column":12},"end":{"line":128,"column":42}},"87":{"start":{"line":129,"column":12},"end":{"line":129,"column":22}},"88":{"start":{"line":131,"column":8},"end":{"line":133,"column":9}},"89":{"start":{"line":131,"column":21},"end":{"line":131,"column":22}},"90":{"start":{"line":132,"column":12},"end":{"line":132,"column":30}},"91":{"start":{"line":143,"column":22},"end":{"line":143,"column":32}},"92":{"start":{"line":144,"column":18},"end":{"line":144,"column":57}},"93":{"start":{"line":146,"column":20},"end":{"line":146,"column":51}},"94":{"start":{"line":147,"column":4},"end":{"line":147,"column":28}},"95":{"start":{"line":158,"column":4},"end":{"line":181,"column":5}},"96":{"start":{"line":159,"column":20},"end":{"line":159,"column":89}},"97":{"start":{"line":160,"column":25},"end":{"line":167,"column":10}},"98":{"start":{"line":168,"column":27},"end":{"line":168,"column":48}},"99":{"start":{"line":169,"column":8},"end":{"line":175,"column":9}},"100":{"start":{"line":171,"column":34},"end":{"line":171,"column":78}},"101":{"start":{"line":172,"column":12},"end":{"line":174,"column":13}},"102":{"start":{"line":173,"column":16},"end":{"line":173,"column":54}},"103":{"start":{"line":176,"column":8},"end":{"line":176,"column":36}},"104":{"start":{"line":180,"column":8},"end":{"line":180,"column":17}},"105":{"start":{"line":192,"column":16},"end":{"line":192,"column":17}},"106":{"start":{"line":193,"column":33},"end":{"line":193,"column":79}},"107":{"start":{"line":194,"column":4},"end":{"line":206,"column":5}},"108":{"start":{"line":195,"column":8},"end":{"line":196,"column":57}},"109":{"start":{"line":196,"column":12},"end":{"line":196,"column":57}},"110":{"start":{"line":197,"column":28},"end":{"line":197,"column":71}},"111":{"start":{"line":198,"column":27},"end":{"line":198,"column":71}},"112":{"start":{"line":199,"column":8},"end":{"line":201,"column":9}},"113":{"start":{"line":200,"column":12},"end":{"line":200,"column":21}},"114":{"start":{"line":202,"column":8},"end":{"line":202,"column":47}},"115":{"start":{"line":205,"column":8},"end":{"line":205,"column":92}},"116":{"start":{"line":207,"column":4},"end":{"line":207,"column":17}},"117":{"start":{"line":217,"column":33},"end":{"line":217,"column":79}},"118":{"start":{"line":218,"column":4},"end":{"line":255,"column":5}},"119":{"start":{"line":219,"column":8},"end":{"line":220,"column":57}},"120":{"start":{"line":220,"column":12},"end":{"line":220,"column":57}},"121":{"start":{"line":222,"column":22},"end":{"line":222,"column":32}},"122":{"start":{"line":223,"column":8},"end":{"line":223,"column":51}},"123":{"start":{"line":224,"column":20},"end":{"line":224,"column":82}},"124":{"start":{"line":225,"column":25},"end":{"line":233,"column":10}},"125":{"start":{"line":234,"column":24},"end":{"line":234,"column":37}},"126":{"start":{"line":235,"column":8},"end":{"line":236,"column":21}},"127":{"start":{"line":236,"column":12},"end":{"line":236,"column":21}},"128":{"start":{"line":238,"column":35},"end":{"line":238,"column":37}},"129":{"start":{"line":240,"column":8},"end":{"line":246,"column":11}},"130":{"start":{"line":242,"column":27},"end":{"line":242,"column":93}},"131":{"start":{"line":243,"column":12},"end":{"line":245,"column":13}},"132":{"start":{"line":244,"column":16},"end":{"line":244,"column":83}},"133":{"start":{"line":248,"column":35},"end":{"line":248,"column":115}},"134":{"start":{"line":248,"column":91},"end":{"line":248,"column":107}},"135":{"start":{"line":249,"column":22},"end":{"line":249,"column":76}},"136":{"start":{"line":250,"column":8},"end":{"line":250,"column":21}},"137":{"start":{"line":254,"column":8},"end":{"line":254,"column":17}},"138":{"start":{"line":265,"column":4},"end":{"line":265,"column":58}},"139":{"start":{"line":266,"column":46},"end":{"line":269,"column":6}},"140":{"start":{"line":270,"column":28},"end":{"line":270,"column":96}},"141":{"start":{"line":271,"column":25},"end":{"line":271,"column":87}},"142":{"start":{"line":272,"column":4},"end":{"line":277,"column":5}},"143":{"start":{"line":273,"column":8},"end":{"line":273,"column":79}},"144":{"start":{"line":276,"column":8},"end":{"line":276,"column":87}},"145":{"start":{"line":278,"column":4},"end":{"line":283,"column":5}},"146":{"start":{"line":279,"column":8},"end":{"line":279,"column":73}},"147":{"start":{"line":282,"column":8},"end":{"line":282,"column":81}},"148":{"start":{"line":285,"column":4},"end":{"line":287,"column":5}},"149":{"start":{"line":286,"column":8},"end":{"line":286,"column":119}},"150":{"start":{"line":288,"column":4},"end":{"line":288,"column":63}},"151":{"start":{"line":297,"column":4},"end":{"line":366,"column":7}},"152":{"start":{"line":303,"column":8},"end":{"line":365,"column":11}},"153":{"start":{"line":304,"column":12},"end":{"line":306,"column":13}},"154":{"start":{"line":305,"column":16},"end":{"line":305,"column":72}},"155":{"start":{"line":307,"column":12},"end":{"line":307,"column":66}},"156":{"start":{"line":308,"column":32},"end":{"line":308,"column":48}},"157":{"start":{"line":309,"column":12},"end":{"line":309,"column":88}},"158":{"start":{"line":311,"column":12},"end":{"line":318,"column":13}},"159":{"start":{"line":312,"column":16},"end":{"line":317,"column":17}},"160":{"start":{"line":313,"column":20},"end":{"line":316,"column":21}},"161":{"start":{"line":314,"column":24},"end":{"line":314,"column":89}},"162":{"start":{"line":315,"column":24},"end":{"line":315,"column":84}},"163":{"start":{"line":319,"column":12},"end":{"line":326,"column":13}},"164":{"start":{"line":320,"column":16},"end":{"line":325,"column":17}},"165":{"start":{"line":321,"column":20},"end":{"line":324,"column":21}},"166":{"start":{"line":322,"column":24},"end":{"line":322,"column":92}},"167":{"start":{"line":323,"column":24},"end":{"line":323,"column":84}},"168":{"start":{"line":327,"column":12},"end":{"line":364,"column":15}},"169":{"start":{"line":328,"column":16},"end":{"line":330,"column":17}},"170":{"start":{"line":329,"column":20},"end":{"line":329,"column":76}},"171":{"start":{"line":335,"column":32},"end":{"line":335,"column":122}},"172":{"start":{"line":336,"column":16},"end":{"line":363,"column":19}},"173":{"start":{"line":337,"column":20},"end":{"line":339,"column":21}},"174":{"start":{"line":338,"column":24},"end":{"line":338,"column":80}},"175":{"start":{"line":340,"column":34},"end":{"line":340,"column":110}},"176":{"start":{"line":341,"column":40},"end":{"line":341,"column":42}},"177":{"start":{"line":342,"column":20},"end":{"line":344,"column":23}},"178":{"start":{"line":343,"column":24},"end":{"line":343,"column":46}},"179":{"start":{"line":345,"column":20},"end":{"line":362,"column":23}},"180":{"start":{"line":346,"column":24},"end":{"line":361,"column":25}},"181":{"start":{"line":347,"column":46},"end":{"line":347,"column":71}},"182":{"start":{"line":348,"column":56},"end":{"line":348,"column":90}},"183":{"start":{"line":349,"column":28},"end":{"line":349,"column":114}},"184":{"start":{"line":350,"column":43},"end":{"line":350,"column":82}},"185":{"start":{"line":351,"column":52},"end":{"line":351,"column":54}},"186":{"start":{"line":352,"column":28},"end":{"line":354,"column":29}},"187":{"start":{"line":352,"column":41},"end":{"line":352,"column":42}},"188":{"start":{"line":353,"column":32},"end":{"line":353,"column":89}},"189":{"start":{"line":355,"column":28},"end":{"line":355,"column":88}},"190":{"start":{"line":356,"column":47},"end":{"line":356,"column":130}},"191":{"start":{"line":356,"column":94},"end":{"line":356,"column":126}},"192":{"start":{"line":357,"column":28},"end":{"line":357,"column":61}},"193":{"start":{"line":360,"column":28},"end":{"line":360,"column":88}},"194":{"start":{"line":375,"column":4},"end":{"line":395,"column":7}},"195":{"start":{"line":377,"column":23},"end":{"line":382,"column":10}},"196":{"start":{"line":384,"column":24},"end":{"line":384,"column":62}},"197":{"start":{"line":386,"column":8},"end":{"line":394,"column":11}},"198":{"start":{"line":387,"column":12},"end":{"line":387,"column":80}},"199":{"start":{"line":388,"column":31},"end":{"line":388,"column":86}},"200":{"start":{"line":388,"column":61},"end":{"line":388,"column":82}},"201":{"start":{"line":389,"column":32},"end":{"line":389,"column":46}},"202":{"start":{"line":390,"column":30},"end":{"line":390,"column":65}},"203":{"start":{"line":391,"column":12},"end":{"line":391,"column":44}},"204":{"start":{"line":393,"column":12},"end":{"line":393,"column":42}},"205":{"start":{"line":406,"column":23},"end":{"line":406,"column":50}},"206":{"start":{"line":407,"column":22},"end":{"line":407,"column":23}},"207":{"start":{"line":408,"column":4},"end":{"line":421,"column":5}},"208":{"start":{"line":409,"column":8},"end":{"line":416,"column":9}},"209":{"start":{"line":410,"column":34},"end":{"line":410,"column":70}},"210":{"start":{"line":411,"column":12},"end":{"line":411,"column":141}},"211":{"start":{"line":415,"column":12},"end":{"line":415,"column":28}},"212":{"start":{"line":420,"column":8},"end":{"line":420,"column":24}},"213":{"start":{"line":423,"column":22},"end":{"line":423,"column":50}},"214":{"start":{"line":424,"column":41},"end":{"line":424,"column":71}},"215":{"start":{"line":426,"column":27},"end":{"line":426,"column":52}},"216":{"start":{"line":427,"column":25},"end":{"line":427,"column":120}},"217":{"start":{"line":429,"column":24},"end":{"line":429,"column":62}},"218":{"start":{"line":430,"column":4},"end":{"line":430,"column":40}},"219":{"start":{"line":439,"column":18},"end":{"line":439,"column":37}},"220":{"start":{"line":440,"column":4},"end":{"line":456,"column":5}},"221":{"start":{"line":441,"column":25},"end":{"line":441,"column":45}},"222":{"start":{"line":442,"column":21},"end":{"line":442,"column":43}},"223":{"start":{"line":443,"column":8},"end":{"line":447,"column":9}},"224":{"start":{"line":446,"column":12},"end":{"line":446,"column":21}},"225":{"start":{"line":448,"column":8},"end":{"line":455,"column":9}},"226":{"start":{"line":449,"column":26},"end":{"line":449,"column":50}},"227":{"start":{"line":450,"column":12},"end":{"line":451,"column":29}},"228":{"start":{"line":451,"column":16},"end":{"line":451,"column":29}},"229":{"start":{"line":453,"column":13},"end":{"line":455,"column":9}},"230":{"start":{"line":454,"column":12},"end":{"line":454,"column":28}},"231":{"start":{"line":457,"column":4},"end":{"line":457,"column":16}},"232":{"start":{"line":466,"column":20},"end":{"line":466,"column":22}},"233":{"start":{"line":467,"column":18},"end":{"line":467,"column":37}},"234":{"start":{"line":468,"column":4},"end":{"line":481,"column":5}},"235":{"start":{"line":469,"column":25},"end":{"line":469,"column":45}},"236":{"start":{"line":470,"column":21},"end":{"line":470,"column":43}},"237":{"start":{"line":471,"column":8},"end":{"line":474,"column":9}},"238":{"start":{"line":473,"column":12},"end":{"line":473,"column":21}},"239":{"start":{"line":475,"column":8},"end":{"line":480,"column":9}},"240":{"start":{"line":476,"column":12},"end":{"line":476,"column":68}},"241":{"start":{"line":478,"column":13},"end":{"line":480,"column":9}},"242":{"start":{"line":479,"column":12},"end":{"line":479,"column":37}},"243":{"start":{"line":482,"column":4},"end":{"line":482,"column":21}},"244":{"start":{"line":491,"column":23},"end":{"line":491,"column":24}},"245":{"start":{"line":492,"column":21},"end":{"line":492,"column":22}},"246":{"start":{"line":493,"column":4},"end":{"line":503,"column":5}},"247":{"start":{"line":494,"column":24},"end":{"line":494,"column":54}},"248":{"start":{"line":495,"column":22},"end":{"line":495,"column":41}},"249":{"start":{"line":496,"column":8},"end":{"line":496,"column":35}},"250":{"start":{"line":497,"column":8},"end":{"line":502,"column":9}},"251":{"start":{"line":498,"column":32},"end":{"line":498,"column":43}},"252":{"start":{"line":499,"column":12},"end":{"line":501,"column":13}},"253":{"start":{"line":500,"column":16},"end":{"line":500,"column":31}},"254":{"start":{"line":504,"column":4},"end":{"line":504,"column":40}},"255":{"start":{"line":515,"column":16},"end":{"line":515,"column":17}},"256":{"start":{"line":516,"column":33},"end":{"line":516,"column":79}},"257":{"start":{"line":517,"column":4},"end":{"line":539,"column":5}},"258":{"start":{"line":518,"column":8},"end":{"line":519,"column":57}},"259":{"start":{"line":519,"column":12},"end":{"line":519,"column":57}},"260":{"start":{"line":520,"column":20},"end":{"line":520,"column":82}},"261":{"start":{"line":521,"column":25},"end":{"line":526,"column":10}},"262":{"start":{"line":527,"column":8},"end":{"line":529,"column":9}},"263":{"start":{"line":528,"column":12},"end":{"line":528,"column":22}},"264":{"start":{"line":532,"column":8},"end":{"line":537,"column":9}},"265":{"start":{"line":538,"column":8},"end":{"line":538,"column":17}},"266":{"start":{"line":540,"column":4},"end":{"line":540,"column":17}},"267":{"start":{"line":542,"column":0},"end":{"line":554,"column":1}},"268":{"start":{"line":543,"column":39},"end":{"line":543,"column":59}},"269":{"start":{"line":544,"column":19},"end":{"line":544,"column":39}},"270":{"start":{"line":545,"column":4},"end":{"line":553,"column":7}},"271":{"start":{"line":546,"column":8},"end":{"line":552,"column":11}},"272":{"start":{"line":547,"column":12},"end":{"line":547,"column":100}},"273":{"start":{"line":548,"column":12},"end":{"line":548,"column":45}},"274":{"start":{"line":550,"column":12},"end":{"line":550,"column":96}},"275":{"start":{"line":551,"column":12},"end":{"line":551,"column":45}}},"fnMap":{"0":{"name":"(anonymous_0)","decl":{"start":{"line":8,"column":74},"end":{"line":8,"column":75}},"loc":{"start":{"line":8,"column":96},"end":{"line":15,"column":1}},"line":8},"1":{"name":"(anonymous_1)","decl":{"start":{"line":12,"column":38},"end":{"line":12,"column":39}},"loc":{"start":{"line":12,"column":49},"end":{"line":12,"column":65}},"line":12},"2":{"name":"(anonymous_2)","decl":{"start":{"line":15,"column":6},"end":{"line":15,"column":7}},"loc":{"start":{"line":15,"column":28},"end":{"line":18,"column":1}},"line":15},"3":{"name":"(anonymous_3)","decl":{"start":{"line":19,"column":80},"end":{"line":19,"column":81}},"loc":{"start":{"line":19,"column":95},"end":{"line":21,"column":1}},"line":19},"4":{"name":"(anonymous_4)","decl":{"start":{"line":21,"column":5},"end":{"line":21,"column":6}},"loc":{"start":{"line":21,"column":20},"end":{"line":23,"column":1}},"line":21},"5":{"name":"(anonymous_5)","decl":{"start":{"line":24,"column":50},"end":{"line":24,"column":51}},"loc":{"start":{"line":24,"column":65},"end":{"line":30,"column":1}},"line":24},"6":{"name":"(anonymous_6)","decl":{"start":{"line":31,"column":56},"end":{"line":31,"column":57}},"loc":{"start":{"line":31,"column":71},"end":{"line":33,"column":1}},"line":31},"7":{"name":"computeMetrics","decl":{"start":{"line":81,"column":15},"end":{"line":81,"column":29}},"loc":{"start":{"line":81,"column":55},"end":{"line":135,"column":1}},"line":81},"8":{"name":"(anonymous_8)","decl":{"start":{"line":82,"column":23},"end":{"line":82,"column":24}},"loc":{"start":{"line":82,"column":44},"end":{"line":134,"column":5}},"line":82},"9":{"name":"startNewWorker","decl":{"start":{"line":91,"column":17},"end":{"line":91,"column":31}},"loc":{"start":{"line":91,"column":45},"end":{"line":130,"column":9}},"line":91},"10":{"name":"(anonymous_10)","decl":{"start":{"line":102,"column":43},"end":{"line":102,"column":44}},"loc":{"start":{"line":102,"column":56},"end":{"line":124,"column":13}},"line":102},"11":{"name":"(anonymous_11)","decl":{"start":{"line":109,"column":52},"end":{"line":109,"column":53}},"loc":{"start":{"line":109,"column":67},"end":{"line":114,"column":21}},"line":109},"12":{"name":"(anonymous_12)","decl":{"start":{"line":115,"column":165},"end":{"line":115,"column":166}},"loc":{"start":{"line":115,"column":181},"end":{"line":115,"column":224}},"line":115},"13":{"name":"(anonymous_13)","decl":{"start":{"line":116,"column":66},"end":{"line":116,"column":67}},"loc":{"start":{"line":116,"column":76},"end":{"line":116,"column":94}},"line":116},"14":{"name":"(anonymous_14)","decl":{"start":{"line":117,"column":58},"end":{"line":117,"column":59}},"loc":{"start":{"line":117,"column":64},"end":{"line":119,"column":21}},"line":117},"15":{"name":"(anonymous_15)","decl":{"start":{"line":119,"column":29},"end":{"line":119,"column":30}},"loc":{"start":{"line":119,"column":40},"end":{"line":119,"column":43}},"line":119},"16":{"name":"(anonymous_16)","decl":{"start":{"line":125,"column":34},"end":{"line":125,"column":35}},"loc":{"start":{"line":125,"column":43},"end":{"line":127,"column":13}},"line":125},"17":{"name":"metricsRunner","decl":{"start":{"line":141,"column":15},"end":{"line":141,"column":28}},"loc":{"start":{"line":141,"column":64},"end":{"line":148,"column":1}},"line":141},"18":{"name":"countIssue","decl":{"start":{"line":157,"column":15},"end":{"line":157,"column":25}},"loc":{"start":{"line":157,"column":46},"end":{"line":182,"column":1}},"line":157},"19":{"name":"ResponsiveMaintainer","decl":{"start":{"line":191,"column":15},"end":{"line":191,"column":35}},"loc":{"start":{"line":191,"column":61},"end":{"line":208,"column":1}},"line":191},"20":{"name":"BusFactor","decl":{"start":{"line":216,"column":15},"end":{"line":216,"column":24}},"loc":{"start":{"line":216,"column":50},"end":{"line":256,"column":1}},"line":216},"21":{"name":"(anonymous_21)","decl":{"start":{"line":240,"column":24},"end":{"line":240,"column":25}},"loc":{"start":{"line":240,"column":36},"end":{"line":246,"column":9}},"line":240},"22":{"name":"(anonymous_22)","decl":{"start":{"line":248,"column":76},"end":{"line":248,"column":77}},"loc":{"start":{"line":248,"column":91},"end":{"line":248,"column":107}},"line":248},"23":{"name":"Correctness","decl":{"start":{"line":264,"column":15},"end":{"line":264,"column":26}},"loc":{"start":{"line":264,"column":52},"end":{"line":289,"column":1}},"line":264},"24":{"name":"dependencyAnalysis","decl":{"start":{"line":296,"column":15},"end":{"line":296,"column":33}},"loc":{"start":{"line":296,"column":47},"end":{"line":367,"column":1}},"line":296},"25":{"name":"(anonymous_25)","decl":{"start":{"line":297,"column":23},"end":{"line":297,"column":24}},"loc":{"start":{"line":297,"column":44},"end":{"line":366,"column":5}},"line":297},"26":{"name":"(anonymous_26)","decl":{"start":{"line":303,"column":68},"end":{"line":303,"column":69}},"loc":{"start":{"line":303,"column":83},"end":{"line":365,"column":9}},"line":303},"27":{"name":"(anonymous_27)","decl":{"start":{"line":327,"column":94},"end":{"line":327,"column":95}},"loc":{"start":{"line":327,"column":103},"end":{"line":364,"column":13}},"line":327},"28":{"name":"(anonymous_28)","decl":{"start":{"line":336,"column":36},"end":{"line":336,"column":37}},"loc":{"start":{"line":336,"column":46},"end":{"line":363,"column":17}},"line":336},"29":{"name":"(anonymous_29)","decl":{"start":{"line":342,"column":44},"end":{"line":342,"column":45}},"loc":{"start":{"line":342,"column":54},"end":{"line":344,"column":21}},"line":342},"30":{"name":"(anonymous_30)","decl":{"start":{"line":345,"column":38},"end":{"line":345,"column":39}},"loc":{"start":{"line":345,"column":44},"end":{"line":362,"column":21}},"line":345},"31":{"name":"(anonymous_31)","decl":{"start":{"line":356,"column":74},"end":{"line":356,"column":75}},"loc":{"start":{"line":356,"column":94},"end":{"line":356,"column":126}},"line":356},"32":{"name":"linting","decl":{"start":{"line":374,"column":15},"end":{"line":374,"column":22}},"loc":{"start":{"line":374,"column":36},"end":{"line":396,"column":1}},"line":374},"33":{"name":"(anonymous_33)","decl":{"start":{"line":375,"column":23},"end":{"line":375,"column":24}},"loc":{"start":{"line":375,"column":44},"end":{"line":395,"column":5}},"line":375},"34":{"name":"(anonymous_34)","decl":{"start":{"line":386,"column":39},"end":{"line":386,"column":40}},"loc":{"start":{"line":386,"column":52},"end":{"line":392,"column":9}},"line":386},"35":{"name":"(anonymous_35)","decl":{"start":{"line":388,"column":46},"end":{"line":388,"column":47}},"loc":{"start":{"line":388,"column":61},"end":{"line":388,"column":82}},"line":388},"36":{"name":"(anonymous_36)","decl":{"start":{"line":392,"column":17},"end":{"line":392,"column":18}},"loc":{"start":{"line":392,"column":28},"end":{"line":394,"column":9}},"line":392},"37":{"name":"RampUp","decl":{"start":{"line":404,"column":15},"end":{"line":404,"column":21}},"loc":{"start":{"line":404,"column":47},"end":{"line":431,"column":1}},"line":404},"38":{"name":"findReadmeFile","decl":{"start":{"line":438,"column":9},"end":{"line":438,"column":23}},"loc":{"start":{"line":438,"column":29},"end":{"line":458,"column":1}},"line":438},"39":{"name":"getAllCodeFiles","decl":{"start":{"line":465,"column":9},"end":{"line":465,"column":24}},"loc":{"start":{"line":465,"column":30},"end":{"line":483,"column":1}},"line":465},"40":{"name":"analyzeCodeComments","decl":{"start":{"line":490,"column":9},"end":{"line":490,"column":28}},"loc":{"start":{"line":490,"column":36},"end":{"line":505,"column":1}},"line":490},"41":{"name":"License","decl":{"start":{"line":513,"column":15},"end":{"line":513,"column":22}},"loc":{"start":{"line":513,"column":48},"end":{"line":541,"column":1}},"line":513},"42":{"name":"(anonymous_42)","decl":{"start":{"line":545,"column":88},"end":{"line":545,"column":89}},"loc":{"start":{"line":545,"column":103},"end":{"line":553,"column":5}},"line":545},"43":{"name":"(anonymous_43)","decl":{"start":{"line":546,"column":46},"end":{"line":546,"column":47}},"loc":{"start":{"line":546,"column":64},"end":{"line":549,"column":9}},"line":546},"44":{"name":"(anonymous_44)","decl":{"start":{"line":549,"column":17},"end":{"line":549,"column":18}},"loc":{"start":{"line":549,"column":28},"end":{"line":552,"column":9}},"line":549}},"branchMap":{"0":{"loc":{"start":{"line":8,"column":22},"end":{"line":18,"column":3}},"type":"binary-expr","locations":[{"start":{"line":8,"column":23},"end":{"line":8,"column":27}},{"start":{"line":8,"column":31},"end":{"line":8,"column":51}},{"start":{"line":8,"column":57},"end":{"line":18,"column":2}}],"line":8},"1":{"loc":{"start":{"line":8,"column":57},"end":{"line":18,"column":2}},"type":"cond-expr","locations":[{"start":{"line":8,"column":74},"end":{"line":15,"column":1}},{"start":{"line":15,"column":6},"end":{"line":18,"column":1}}],"line":8},"2":{"loc":{"start":{"line":9,"column":4},"end":{"line":9,"column":33}},"type":"if","locations":[{"start":{"line":9,"column":4},"end":{"line":9,"column":33}},{"start":{},"end":{}}],"line":9},"3":{"loc":{"start":{"line":11,"column":4},"end":{"line":13,"column":5}},"type":"if","locations":[{"start":{"line":11,"column":4},"end":{"line":13,"column":5}},{"start":{},"end":{}}],"line":11},"4":{"loc":{"start":{"line":11,"column":8},"end":{"line":11,"column":85}},"type":"binary-expr","locations":[{"start":{"line":11,"column":8},"end":{"line":11,"column":13}},{"start":{"line":11,"column":18},"end":{"line":11,"column":84}}],"line":11},"5":{"loc":{"start":{"line":11,"column":18},"end":{"line":11,"column":84}},"type":"cond-expr","locations":[{"start":{"line":11,"column":34},"end":{"line":11,"column":47}},{"start":{"line":11,"column":50},"end":{"line":11,"column":84}}],"line":11},"6":{"loc":{"start":{"line":11,"column":50},"end":{"line":11,"column":84}},"type":"binary-expr","locations":[{"start":{"line":11,"column":50},"end":{"line":11,"column":63}},{"start":{"line":11,"column":67},"end":{"line":11,"column":84}}],"line":11},"7":{"loc":{"start":{"line":16,"column":4},"end":{"line":16,"column":33}},"type":"if","locations":[{"start":{"line":16,"column":4},"end":{"line":16,"column":33}},{"start":{},"end":{}}],"line":16},"8":{"loc":{"start":{"line":19,"column":25},"end":{"line":23,"column":2}},"type":"binary-expr","locations":[{"start":{"line":19,"column":26},"end":{"line":19,"column":30}},{"start":{"line":19,"column":34},"end":{"line":19,"column":57}},{"start":{"line":19,"column":63},"end":{"line":23,"column":1}}],"line":19},"9":{"loc":{"start":{"line":19,"column":63},"end":{"line":23,"column":1}},"type":"cond-expr","locations":[{"start":{"line":19,"column":80},"end":{"line":21,"column":1}},{"start":{"line":21,"column":5},"end":{"line":23,"column":1}}],"line":19},"10":{"loc":{"start":{"line":24,"column":19},"end":{"line":30,"column":1}},"type":"binary-expr","locations":[{"start":{"line":24,"column":20},"end":{"line":24,"column":24}},{"start":{"line":24,"column":28},"end":{"line":24,"column":45}},{"start":{"line":24,"column":50},"end":{"line":30,"column":1}}],"line":24},"11":{"loc":{"start":{"line":25,"column":4},"end":{"line":25,"column":42}},"type":"if","locations":[{"start":{"line":25,"column":4},"end":{"line":25,"column":42}},{"start":{},"end":{}}],"line":25},"12":{"loc":{"start":{"line":25,"column":8},"end":{"line":25,"column":29}},"type":"binary-expr","locations":[{"start":{"line":25,"column":8},"end":{"line":25,"column":11}},{"start":{"line":25,"column":15},"end":{"line":25,"column":29}}],"line":25},"13":{"loc":{"start":{"line":27,"column":4},"end":{"line":27,"column":141}},"type":"if","locations":[{"start":{"line":27,"column":4},"end":{"line":27,"column":141}},{"start":{},"end":{}}],"line":27},"14":{"loc":{"start":{"line":27,"column":40},"end":{"line":27,"column":141}},"type":"if","locations":[{"start":{"line":27,"column":40},"end":{"line":27,"column":141}},{"start":{},"end":{}}],"line":27},"15":{"loc":{"start":{"line":27,"column":44},"end":{"line":27,"column":107}},"type":"binary-expr","locations":[{"start":{"line":27,"column":44},"end":{"line":27,"column":59}},{"start":{"line":27,"column":63},"end":{"line":27,"column":107}}],"line":27},"16":{"loc":{"start":{"line":31,"column":22},"end":{"line":33,"column":1}},"type":"binary-expr","locations":[{"start":{"line":31,"column":23},"end":{"line":31,"column":27}},{"start":{"line":31,"column":31},"end":{"line":31,"column":51}},{"start":{"line":31,"column":56},"end":{"line":33,"column":1}}],"line":31},"17":{"loc":{"start":{"line":32,"column":11},"end":{"line":32,"column":61}},"type":"cond-expr","locations":[{"start":{"line":32,"column":37},"end":{"line":32,"column":40}},{"start":{"line":32,"column":43},"end":{"line":32,"column":61}}],"line":32},"18":{"loc":{"start":{"line":32,"column":12},"end":{"line":32,"column":33}},"type":"binary-expr","locations":[{"start":{"line":32,"column":12},"end":{"line":32,"column":15}},{"start":{"line":32,"column":19},"end":{"line":32,"column":33}}],"line":32},"19":{"loc":{"start":{"line":55,"column":21},"end":{"line":55,"column":88}},"type":"cond-expr","locations":[{"start":{"line":55,"column":81},"end":{"line":55,"column":83}},{"start":{"line":55,"column":86},"end":{"line":55,"column":88}}],"line":55},"20":{"loc":{"start":{"line":55,"column":21},"end":{"line":55,"column":78}},"type":"binary-expr","locations":[{"start":{"line":55,"column":21},"end":{"line":55,"column":61}},{"start":{"line":55,"column":65},"end":{"line":55,"column":78}}],"line":55},"21":{"loc":{"start":{"line":58,"column":27},"end":{"line":58,"column":92}},"type":"cond-expr","locations":[{"start":{"line":58,"column":84},"end":{"line":58,"column":86}},{"start":{"line":58,"column":89},"end":{"line":58,"column":92}}],"line":58},"22":{"loc":{"start":{"line":58,"column":27},"end":{"line":58,"column":81}},"type":"binary-expr","locations":[{"start":{"line":58,"column":27},"end":{"line":58,"column":64}},{"start":{"line":58,"column":68},"end":{"line":58,"column":81}}],"line":58},"23":{"loc":{"start":{"line":92,"column":12},"end":{"line":94,"column":13}},"type":"if","locations":[{"start":{"line":92,"column":12},"end":{"line":94,"column":13}},{"start":{},"end":{}}],"line":92},"24":{"loc":{"start":{"line":108,"column":16},"end":{"line":123,"column":17}},"type":"if","locations":[{"start":{"line":108,"column":16},"end":{"line":123,"column":17}},{"start":{"line":121,"column":21},"end":{"line":123,"column":17}}],"line":108},"25":{"loc":{"start":{"line":169,"column":8},"end":{"line":175,"column":9}},"type":"if","locations":[{"start":{"line":169,"column":8},"end":{"line":175,"column":9}},{"start":{},"end":{}}],"line":169},"26":{"loc":{"start":{"line":172,"column":12},"end":{"line":174,"column":13}},"type":"if","locations":[{"start":{"line":172,"column":12},"end":{"line":174,"column":13}},{"start":{},"end":{}}],"line":172},"27":{"loc":{"start":{"line":195,"column":8},"end":{"line":196,"column":57}},"type":"if","locations":[{"start":{"line":195,"column":8},"end":{"line":196,"column":57}},{"start":{},"end":{}}],"line":195},"28":{"loc":{"start":{"line":199,"column":8},"end":{"line":201,"column":9}},"type":"if","locations":[{"start":{"line":199,"column":8},"end":{"line":201,"column":9}},{"start":{},"end":{}}],"line":199},"29":{"loc":{"start":{"line":219,"column":8},"end":{"line":220,"column":57}},"type":"if","locations":[{"start":{"line":219,"column":8},"end":{"line":220,"column":57}},{"start":{},"end":{}}],"line":219},"30":{"loc":{"start":{"line":235,"column":8},"end":{"line":236,"column":21}},"type":"if","locations":[{"start":{"line":235,"column":8},"end":{"line":236,"column":21}},{"start":{},"end":{}}],"line":235},"31":{"loc":{"start":{"line":235,"column":12},"end":{"line":235,"column":44}},"type":"binary-expr","locations":[{"start":{"line":235,"column":12},"end":{"line":235,"column":20}},{"start":{"line":235,"column":24},"end":{"line":235,"column":44}}],"line":235},"32":{"loc":{"start":{"line":242,"column":27},"end":{"line":242,"column":93}},"type":"cond-expr","locations":[{"start":{"line":242,"column":76},"end":{"line":242,"column":82}},{"start":{"line":242,"column":85},"end":{"line":242,"column":93}}],"line":242},"33":{"loc":{"start":{"line":242,"column":27},"end":{"line":242,"column":73}},"type":"binary-expr","locations":[{"start":{"line":242,"column":27},"end":{"line":242,"column":56}},{"start":{"line":242,"column":60},"end":{"line":242,"column":73}}],"line":242},"34":{"loc":{"start":{"line":243,"column":12},"end":{"line":245,"column":13}},"type":"if","locations":[{"start":{"line":243,"column":12},"end":{"line":245,"column":13}},{"start":{},"end":{}}],"line":243},"35":{"loc":{"start":{"line":244,"column":46},"end":{"line":244,"column":77}},"type":"binary-expr","locations":[{"start":{"line":244,"column":46},"end":{"line":244,"column":72}},{"start":{"line":244,"column":76},"end":{"line":244,"column":77}}],"line":244},"36":{"loc":{"start":{"line":249,"column":22},"end":{"line":249,"column":76}},"type":"cond-expr","locations":[{"start":{"line":249,"column":49},"end":{"line":249,"column":50}},{"start":{"line":249,"column":53},"end":{"line":249,"column":76}}],"line":249},"37":{"loc":{"start":{"line":270,"column":28},"end":{"line":270,"column":96}},"type":"cond-expr","locations":[{"start":{"line":270,"column":70},"end":{"line":270,"column":92}},{"start":{"line":270,"column":95},"end":{"line":270,"column":96}}],"line":270},"38":{"loc":{"start":{"line":271,"column":25},"end":{"line":271,"column":87}},"type":"cond-expr","locations":[{"start":{"line":271,"column":64},"end":{"line":271,"column":83}},{"start":{"line":271,"column":86},"end":{"line":271,"column":87}}],"line":271},"39":{"loc":{"start":{"line":272,"column":4},"end":{"line":277,"column":5}},"type":"if","locations":[{"start":{"line":272,"column":4},"end":{"line":277,"column":5}},{"start":{"line":275,"column":9},"end":{"line":277,"column":5}}],"line":272},"40":{"loc":{"start":{"line":278,"column":4},"end":{"line":283,"column":5}},"type":"if","locations":[{"start":{"line":278,"column":4},"end":{"line":283,"column":5}},{"start":{"line":281,"column":9},"end":{"line":283,"column":5}}],"line":278},"41":{"loc":{"start":{"line":285,"column":4},"end":{"line":287,"column":5}},"type":"if","locations":[{"start":{"line":285,"column":4},"end":{"line":287,"column":5}},{"start":{},"end":{}}],"line":285},"42":{"loc":{"start":{"line":285,"column":8},"end":{"line":285,"column":85}},"type":"binary-expr","locations":[{"start":{"line":285,"column":8},"end":{"line":285,"column":46}},{"start":{"line":285,"column":50},"end":{"line":285,"column":85}}],"line":285},"43":{"loc":{"start":{"line":304,"column":12},"end":{"line":306,"column":13}},"type":"if","locations":[{"start":{"line":304,"column":12},"end":{"line":306,"column":13}},{"start":{},"end":{}}],"line":304},"44":{"loc":{"start":{"line":311,"column":12},"end":{"line":318,"column":13}},"type":"if","locations":[{"start":{"line":311,"column":12},"end":{"line":318,"column":13}},{"start":{},"end":{}}],"line":311},"45":{"loc":{"start":{"line":313,"column":20},"end":{"line":316,"column":21}},"type":"if","locations":[{"start":{"line":313,"column":20},"end":{"line":316,"column":21}},{"start":{},"end":{}}],"line":313},"46":{"loc":{"start":{"line":313,"column":24},"end":{"line":313,"column":88}},"type":"binary-expr","locations":[{"start":{"line":313,"column":24},"end":{"line":313,"column":51}},{"start":{"line":313,"column":55},"end":{"line":313,"column":88}}],"line":313},"47":{"loc":{"start":{"line":319,"column":12},"end":{"line":326,"column":13}},"type":"if","locations":[{"start":{"line":319,"column":12},"end":{"line":326,"column":13}},{"start":{},"end":{}}],"line":319},"48":{"loc":{"start":{"line":321,"column":20},"end":{"line":324,"column":21}},"type":"if","locations":[{"start":{"line":321,"column":20},"end":{"line":324,"column":21}},{"start":{},"end":{}}],"line":321},"49":{"loc":{"start":{"line":321,"column":24},"end":{"line":321,"column":88}},"type":"binary-expr","locations":[{"start":{"line":321,"column":24},"end":{"line":321,"column":51}},{"start":{"line":321,"column":55},"end":{"line":321,"column":88}}],"line":321},"50":{"loc":{"start":{"line":328,"column":16},"end":{"line":330,"column":17}},"type":"if","locations":[{"start":{"line":328,"column":16},"end":{"line":330,"column":17}},{"start":{},"end":{}}],"line":328},"51":{"loc":{"start":{"line":337,"column":20},"end":{"line":339,"column":21}},"type":"if","locations":[{"start":{"line":337,"column":20},"end":{"line":339,"column":21}},{"start":{},"end":{}}],"line":337},"52":{"loc":{"start":{"line":353,"column":53},"end":{"line":353,"column":88}},"type":"binary-expr","locations":[{"start":{"line":353,"column":53},"end":{"line":353,"column":83}},{"start":{"line":353,"column":87},"end":{"line":353,"column":88}}],"line":353},"53":{"loc":{"start":{"line":408,"column":4},"end":{"line":421,"column":5}},"type":"if","locations":[{"start":{"line":408,"column":4},"end":{"line":421,"column":5}},{"start":{"line":418,"column":9},"end":{"line":421,"column":5}}],"line":408},"54":{"loc":{"start":{"line":411,"column":26},"end":{"line":411,"column":140}},"type":"cond-expr","locations":[{"start":{"line":411,"column":56},"end":{"line":411,"column":57}},{"start":{"line":411,"column":61},"end":{"line":411,"column":139}}],"line":411},"55":{"loc":{"start":{"line":411,"column":61},"end":{"line":411,"column":139}},"type":"cond-expr","locations":[{"start":{"line":411,"column":91},"end":{"line":411,"column":95}},{"start":{"line":411,"column":99},"end":{"line":411,"column":138}}],"line":411},"56":{"loc":{"start":{"line":411,"column":99},"end":{"line":411,"column":138}},"type":"cond-expr","locations":[{"start":{"line":411,"column":128},"end":{"line":411,"column":131}},{"start":{"line":411,"column":134},"end":{"line":411,"column":138}}],"line":411},"57":{"loc":{"start":{"line":427,"column":25},"end":{"line":427,"column":120}},"type":"cond-expr","locations":[{"start":{"line":427,"column":48},"end":{"line":427,"column":49}},{"start":{"line":427,"column":53},"end":{"line":427,"column":119}}],"line":427},"58":{"loc":{"start":{"line":427,"column":53},"end":{"line":427,"column":119}},"type":"cond-expr","locations":[{"start":{"line":427,"column":77},"end":{"line":427,"column":81}},{"start":{"line":427,"column":85},"end":{"line":427,"column":118}}],"line":427},"59":{"loc":{"start":{"line":427,"column":85},"end":{"line":427,"column":118}},"type":"cond-expr","locations":[{"start":{"line":427,"column":108},"end":{"line":427,"column":111}},{"start":{"line":427,"column":114},"end":{"line":427,"column":118}}],"line":427},"60":{"loc":{"start":{"line":443,"column":8},"end":{"line":447,"column":9}},"type":"if","locations":[{"start":{"line":443,"column":8},"end":{"line":447,"column":9}},{"start":{},"end":{}}],"line":443},"61":{"loc":{"start":{"line":448,"column":8},"end":{"line":455,"column":9}},"type":"if","locations":[{"start":{"line":448,"column":8},"end":{"line":455,"column":9}},{"start":{"line":453,"column":13},"end":{"line":455,"column":9}}],"line":448},"62":{"loc":{"start":{"line":450,"column":12},"end":{"line":451,"column":29}},"type":"if","locations":[{"start":{"line":450,"column":12},"end":{"line":451,"column":29}},{"start":{},"end":{}}],"line":450},"63":{"loc":{"start":{"line":453,"column":13},"end":{"line":455,"column":9}},"type":"if","locations":[{"start":{"line":453,"column":13},"end":{"line":455,"column":9}},{"start":{},"end":{}}],"line":453},"64":{"loc":{"start":{"line":471,"column":8},"end":{"line":474,"column":9}},"type":"if","locations":[{"start":{"line":471,"column":8},"end":{"line":474,"column":9}},{"start":{},"end":{}}],"line":471},"65":{"loc":{"start":{"line":475,"column":8},"end":{"line":480,"column":9}},"type":"if","locations":[{"start":{"line":475,"column":8},"end":{"line":480,"column":9}},{"start":{"line":478,"column":13},"end":{"line":480,"column":9}}],"line":475},"66":{"loc":{"start":{"line":478,"column":13},"end":{"line":480,"column":9}},"type":"if","locations":[{"start":{"line":478,"column":13},"end":{"line":480,"column":9}},{"start":{},"end":{}}],"line":478},"67":{"loc":{"start":{"line":478,"column":17},"end":{"line":478,"column":61}},"type":"binary-expr","locations":[{"start":{"line":478,"column":17},"end":{"line":478,"column":37}},{"start":{"line":478,"column":41},"end":{"line":478,"column":61}}],"line":478},"68":{"loc":{"start":{"line":499,"column":12},"end":{"line":501,"column":13}},"type":"if","locations":[{"start":{"line":499,"column":12},"end":{"line":501,"column":13}},{"start":{},"end":{}}],"line":499},"69":{"loc":{"start":{"line":499,"column":16},"end":{"line":499,"column":107}},"type":"binary-expr","locations":[{"start":{"line":499,"column":16},"end":{"line":499,"column":44}},{"start":{"line":499,"column":48},"end":{"line":499,"column":76}},{"start":{"line":499,"column":80},"end":{"line":499,"column":107}}],"line":499},"70":{"loc":{"start":{"line":518,"column":8},"end":{"line":519,"column":57}},"type":"if","locations":[{"start":{"line":518,"column":8},"end":{"line":519,"column":57}},{"start":{},"end":{}}],"line":518},"71":{"loc":{"start":{"line":527,"column":8},"end":{"line":529,"column":9}},"type":"if","locations":[{"start":{"line":527,"column":8},"end":{"line":529,"column":9}},{"start":{},"end":{}}],"line":527},"72":{"loc":{"start":{"line":527,"column":12},"end":{"line":527,"column":296}},"type":"binary-expr","locations":[{"start":{"line":527,"column":12},"end":{"line":527,"column":104}},{"start":{"line":527,"column":108},"end":{"line":527,"column":205}},{"start":{"line":527,"column":209},"end":{"line":527,"column":296}}],"line":527},"73":{"loc":{"start":{"line":527,"column":13},"end":{"line":527,"column":89}},"type":"cond-expr","locations":[{"start":{"line":527,"column":70},"end":{"line":527,"column":76}},{"start":{"line":527,"column":79},"end":{"line":527,"column":89}}],"line":527},"74":{"loc":{"start":{"line":527,"column":13},"end":{"line":527,"column":67}},"type":"binary-expr","locations":[{"start":{"line":527,"column":13},"end":{"line":527,"column":50}},{"start":{"line":527,"column":54},"end":{"line":527,"column":67}}],"line":527},"75":{"loc":{"start":{"line":527,"column":109},"end":{"line":527,"column":185}},"type":"cond-expr","locations":[{"start":{"line":527,"column":166},"end":{"line":527,"column":172}},{"start":{"line":527,"column":175},"end":{"line":527,"column":185}}],"line":527},"76":{"loc":{"start":{"line":527,"column":109},"end":{"line":527,"column":163}},"type":"binary-expr","locations":[{"start":{"line":527,"column":109},"end":{"line":527,"column":146}},{"start":{"line":527,"column":150},"end":{"line":527,"column":163}}],"line":527},"77":{"loc":{"start":{"line":527,"column":210},"end":{"line":527,"column":286}},"type":"cond-expr","locations":[{"start":{"line":527,"column":267},"end":{"line":527,"column":273}},{"start":{"line":527,"column":276},"end":{"line":527,"column":286}}],"line":527},"78":{"loc":{"start":{"line":527,"column":210},"end":{"line":527,"column":264}},"type":"binary-expr","locations":[{"start":{"line":527,"column":210},"end":{"line":527,"column":247}},{"start":{"line":527,"column":251},"end":{"line":527,"column":264}}],"line":527},"79":{"loc":{"start":{"line":532,"column":8},"end":{"line":537,"column":9}},"type":"if","locations":[{"start":{"line":532,"column":8},"end":{"line":537,"column":9}},{"start":{"line":535,"column":13},"end":{"line":537,"column":9}}],"line":532},"80":{"loc":{"start":{"line":542,"column":0},"end":{"line":554,"column":1}},"type":"if","locations":[{"start":{"line":542,"column":0},"end":{"line":554,"column":1}},{"start":{},"end":{}}],"line":542},"81":{"loc":{"start":{"line":545,"column":4},"end":{"line":553,"column":6}},"type":"cond-expr","locations":[{"start":{"line":545,"column":60},"end":{"line":545,"column":66}},{"start":{"line":545,"column":69},"end":{"line":553,"column":6}}],"line":545},"82":{"loc":{"start":{"line":545,"column":4},"end":{"line":545,"column":57}},"type":"binary-expr","locations":[{"start":{"line":545,"column":4},"end":{"line":545,"column":40}},{"start":{"line":545,"column":44},"end":{"line":545,"column":57}}],"line":545}},"s":{"0":3,"1":513,"2":513,"3":513,"4":513,"5":503,"6":37,"7":513,"8":0,"9":0,"10":0,"11":3,"12":15,"13":0,"14":3,"15":15,"16":0,"17":15,"18":15,"19":15,"20":513,"21":513,"22":15,"23":15,"24":3,"25":3,"26":3,"27":3,"28":3,"29":3,"30":3,"31":3,"32":3,"33":3,"34":3,"35":3,"36":3,"37":3,"38":3,"39":3,"40":3,"41":3,"42":3,"43":3,"44":3,"45":3,"46":3,"47":3,"48":3,"49":3,"50":3,"51":3,"52":3,"53":3,"54":3,"55":0,"56":0,"57":0,"58":0,"59":0,"60":0,"61":0,"62":0,"63":0,"64":0,"65":0,"66":0,"67":0,"68":0,"69":0,"70":0,"71":0,"72":0,"73":0,"74":0,"75":0,"76":0,"77":0,"78":0,"79":0,"80":0,"81":0,"82":0,"83":0,"84":0,"85":0,"86":0,"87":0,"88":0,"89":0,"90":0,"91":0,"92":0,"93":0,"94":0,"95":0,"96":0,"97":0,"98":0,"99":0,"100":0,"101":0,"102":0,"103":0,"104":0,"105":0,"106":0,"107":0,"108":0,"109":0,"110":0,"111":0,"112":0,"113":0,"114":0,"115":0,"116":0,"117":0,"118":0,"119":0,"120":0,"121":0,"122":0,"123":0,"124":0,"125":0,"126":0,"127":0,"128":0,"129":0,"130":0,"131":0,"132":0,"133":0,"134":0,"135":0,"136":0,"137":0,"138":0,"139":0,"140":0,"141":0,"142":0,"143":0,"144":0,"145":0,"146":0,"147":0,"148":0,"149":0,"150":0,"151":2,"152":2,"153":2,"154":1,"155":2,"156":2,"157":1,"158":1,"159":1,"160":1,"161":1,"162":1,"163":1,"164":1,"165":1,"166":1,"167":1,"168":1,"169":1,"170":0,"171":1,"172":1,"173":1,"174":0,"175":1,"176":1,"177":1,"178":1,"179":1,"180":1,"181":1,"182":1,"183":1,"184":1,"185":1,"186":1,"187":1,"188":4,"189":1,"190":1,"191":4,"192":1,"193":0,"194":2,"195":2,"196":2,"197":2,"198":1,"199":1,"200":2,"201":1,"202":1,"203":1,"204":1,"205":0,"206":0,"207":0,"208":0,"209":0,"210":0,"211":0,"212":0,"213":0,"214":0,"215":0,"216":0,"217":0,"218":0,"219":0,"220":0,"221":0,"222":0,"223":0,"224":0,"225":0,"226":0,"227":0,"228":0,"229":0,"230":0,"231":0,"232":0,"233":0,"234":0,"235":0,"236":0,"237":0,"238":0,"239":0,"240":0,"241":0,"242":0,"243":0,"244":0,"245":0,"246":0,"247":0,"248":0,"249":0,"250":0,"251":0,"252":0,"253":0,"254":0,"255":2,"256":2,"257":2,"258":2,"259":2,"260":0,"261":0,"262":0,"263":0,"264":2,"265":2,"266":0,"267":3,"268":0,"269":0,"270":0,"271":0,"272":0,"273":0,"274":0,"275":0},"f":{"0":513,"1":37,"2":0,"3":15,"4":0,"5":15,"6":3,"7":0,"8":0,"9":0,"10":0,"11":0,"12":0,"13":0,"14":0,"15":0,"16":0,"17":0,"18":0,"19":0,"20":0,"21":0,"22":0,"23":0,"24":2,"25":2,"26":2,"27":1,"28":1,"29":1,"30":1,"31":4,"32":2,"33":2,"34":1,"35":2,"36":1,"37":0,"38":0,"39":0,"40":0,"41":2,"42":0,"43":0,"44":0},"b":{"0":[3,3,3],"1":[3,0],"2":[513,0],"3":[503,10],"4":[513,513],"5":[16,497],"6":[497,10],"7":[0,0],"8":[3,3,3],"9":[3,0],"10":[3,3,3],"11":[0,15],"12":[15,15],"13":[15,0],"14":[513,0],"15":[513,513],"16":[3,3,3],"17":[0,3],"18":[3,3],"19":[0,3],"20":[3,3],"21":[2,1],"22":[3,3],"23":[0,0],"24":[0,0],"25":[0,0],"26":[0,0],"27":[0,0],"28":[0,0],"29":[0,0],"30":[0,0],"31":[0,0],"32":[0,0],"33":[0,0],"34":[0,0],"35":[0,0],"36":[0,0],"37":[0,0],"38":[0,0],"39":[0,0],"40":[0,0],"41":[0,0],"42":[0,0],"43":[1,1],"44":[1,0],"45":[1,0],"46":[1,1],"47":[1,0],"48":[1,0],"49":[1,1],"50":[0,1],"51":[0,1],"52":[4,4],"53":[0,0],"54":[0,0],"55":[0,0],"56":[0,0],"57":[0,0],"58":[0,0],"59":[0,0],"60":[0,0],"61":[0,0],"62":[0,0],"63":[0,0],"64":[0,0],"65":[0,0],"66":[0,0],"67":[0,0],"68":[0,0],"69":[0,0,0],"70":[2,0],"71":[0,0],"72":[0,0,0],"73":[0,0],"74":[0,0],"75":[0,0],"76":[0,0],"77":[0,0],"78":[0,0],"79":[2,0],"80":[0,3],"81":[0,0],"82":[0,0]},"_coverageSchema":"1a1c01bbd47fc00a2c39e90264f33305004495a9","hash":"c14f193c63895b126e46a7ee96084496c2196fbc"}
,"/Users/georgenolan/group21-phase1/src/util.js": {"path":"/Users/georgenolan/group21-phase1/src/util.js","statementMap":{"0":{"start":{"line":2,"column":0},"end":{"line":2,"column":62}},"1":{"start":{"line":3,"column":0},"end":{"line":3,"column":36}},"2":{"start":{"line":4,"column":0},"end":{"line":4,"column":56}},"3":{"start":{"line":13,"column":4},"end":{"line":31,"column":5}},"4":{"start":{"line":15,"column":12},"end":{"line":16,"column":37}},"5":{"start":{"line":16,"column":16},"end":{"line":16,"column":37}},"6":{"start":{"line":17,"column":12},"end":{"line":18,"column":44}},"7":{"start":{"line":18,"column":16},"end":{"line":18,"column":44}},"8":{"start":{"line":19,"column":12},"end":{"line":19,"column":18}},"9":{"start":{"line":22,"column":12},"end":{"line":22,"column":18}},"10":{"start":{"line":25,"column":12},"end":{"line":26,"column":37}},"11":{"start":{"line":26,"column":16},"end":{"line":26,"column":37}},"12":{"start":{"line":27,"column":12},"end":{"line":28,"column":55}},"13":{"start":{"line":28,"column":16},"end":{"line":28,"column":55}},"14":{"start":{"line":29,"column":12},"end":{"line":29,"column":18}},"15":{"start":{"line":40,"column":25},"end":{"line":40,"column":62}},"16":{"start":{"line":41,"column":18},"end":{"line":41,"column":55}},"17":{"start":{"line":42,"column":24},"end":{"line":42,"column":81}},"18":{"start":{"line":43,"column":4},"end":{"line":43,"column":32}}},"fnMap":{"0":{"name":"handleOutput","decl":{"start":{"line":12,"column":15},"end":{"line":12,"column":27}},"loc":{"start":{"line":12,"column":75},"end":{"line":32,"column":1}},"line":12},"1":{"name":"getOwnerAndPackageName","decl":{"start":{"line":39,"column":9},"end":{"line":39,"column":31}},"loc":{"start":{"line":39,"column":44},"end":{"line":44,"column":1}},"line":39}},"branchMap":{"0":{"loc":{"start":{"line":12,"column":28},"end":{"line":12,"column":40}},"type":"default-arg","locations":[{"start":{"line":12,"column":38},"end":{"line":12,"column":40}}],"line":12},"1":{"loc":{"start":{"line":12,"column":42},"end":{"line":12,"column":59}},"type":"default-arg","locations":[{"start":{"line":12,"column":57},"end":{"line":12,"column":59}}],"line":12},"2":{"loc":{"start":{"line":12,"column":61},"end":{"line":12,"column":73}},"type":"default-arg","locations":[{"start":{"line":12,"column":72},"end":{"line":12,"column":73}}],"line":12},"3":{"loc":{"start":{"line":13,"column":4},"end":{"line":31,"column":5}},"type":"switch","locations":[{"start":{"line":14,"column":8},"end":{"line":20,"column":9}},{"start":{"line":21,"column":8},"end":{"line":23,"column":9}},{"start":{"line":24,"column":8},"end":{"line":30,"column":9}}],"line":13},"4":{"loc":{"start":{"line":15,"column":12},"end":{"line":16,"column":37}},"type":"if","locations":[{"start":{"line":15,"column":12},"end":{"line":16,"column":37}},{"start":{},"end":{}}],"line":15},"5":{"loc":{"start":{"line":17,"column":12},"end":{"line":18,"column":44}},"type":"if","locations":[{"start":{"line":17,"column":12},"end":{"line":18,"column":44}},{"start":{},"end":{}}],"line":17},"6":{"loc":{"start":{"line":25,"column":12},"end":{"line":26,"column":37}},"type":"if","locations":[{"start":{"line":25,"column":12},"end":{"line":26,"column":37}},{"start":{},"end":{}}],"line":25},"7":{"loc":{"start":{"line":27,"column":12},"end":{"line":28,"column":55}},"type":"if","locations":[{"start":{"line":27,"column":12},"end":{"line":28,"column":55}},{"start":{},"end":{}}],"line":27}},"s":{"0":3,"1":3,"2":3,"3":0,"4":0,"5":0,"6":0,"7":0,"8":0,"9":0,"10":0,"11":0,"12":0,"13":0,"14":0,"15":2,"16":2,"17":2,"18":2},"f":{"0":0,"1":2},"b":{"0":[0],"1":[0],"2":[0],"3":[0,0,0],"4":[0,0],"5":[0,0],"6":[0,0],"7":[0,0]},"_coverageSchema":"1a1c01bbd47fc00a2c39e90264f33305004495a9","hash":"a597556d47b3b915280965e7b44064343ff7b9f1"}
}
