{"/home/shay/a/nolang/ECE461/group21-phase1/src/metrics.js": {"path":"/home/shay/a/nolang/ECE461/group21-phase1/src/metrics.js","statementMap":{"0":{"start":{"line":8,"column":22},"end":{"line":18,"column":3}},"1":{"start":{"line":9,"column":4},"end":{"line":9,"column":33}},"2":{"start":{"line":9,"column":26},"end":{"line":9,"column":33}},"3":{"start":{"line":10,"column":15},"end":{"line":10,"column":52}},"4":{"start":{"line":11,"column":4},"end":{"line":13,"column":5}},"5":{"start":{"line":12,"column":6},"end":{"line":12,"column":68}},"6":{"start":{"line":12,"column":51},"end":{"line":12,"column":63}},"7":{"start":{"line":14,"column":4},"end":{"line":14,"column":39}},"8":{"start":{"line":16,"column":4},"end":{"line":16,"column":33}},"9":{"start":{"line":16,"column":26},"end":{"line":16,"column":33}},"10":{"start":{"line":17,"column":4},"end":{"line":17,"column":17}},"11":{"start":{"line":19,"column":25},"end":{"line":23,"column":2}},"12":{"start":{"line":20,"column":4},"end":{"line":20,"column":72}},"13":{"start":{"line":22,"column":4},"end":{"line":22,"column":21}},"14":{"start":{"line":24,"column":19},"end":{"line":30,"column":1}},"15":{"start":{"line":25,"column":4},"end":{"line":25,"column":42}},"16":{"start":{"line":25,"column":31},"end":{"line":25,"column":42}},"17":{"start":{"line":26,"column":17},"end":{"line":26,"column":19}},"18":{"start":{"line":27,"column":4},"end":{"line":27,"column":141}},"19":{"start":{"line":27,"column":21},"end":{"line":27,"column":141}},"20":{"start":{"line":27,"column":40},"end":{"line":27,"column":141}},"21":{"start":{"line":27,"column":109},"end":{"line":27,"column":141}},"22":{"start":{"line":28,"column":4},"end":{"line":28,"column":36}},"23":{"start":{"line":29,"column":4},"end":{"line":29,"column":18}},"24":{"start":{"line":31,"column":22},"end":{"line":33,"column":1}},"25":{"start":{"line":32,"column":4},"end":{"line":32,"column":62}},"26":{"start":{"line":35,"column":0},"end":{"line":35,"column":62}},"27":{"start":{"line":36,"column":0},"end":{"line":36,"column":40}},"28":{"start":{"line":37,"column":0},"end":{"line":37,"column":34}},"29":{"start":{"line":38,"column":0},"end":{"line":38,"column":26}},"30":{"start":{"line":39,"column":0},"end":{"line":39,"column":48}},"31":{"start":{"line":40,"column":0},"end":{"line":40,"column":24}},"32":{"start":{"line":41,"column":0},"end":{"line":41,"column":26}},"33":{"start":{"line":42,"column":0},"end":{"line":42,"column":30}},"34":{"start":{"line":43,"column":0},"end":{"line":43,"column":52}},"35":{"start":{"line":44,"column":0},"end":{"line":44,"column":38}},"36":{"start":{"line":45,"column":18},"end":{"line":45,"column":57}},"37":{"start":{"line":46,"column":13},"end":{"line":46,"column":42}},"38":{"start":{"line":47,"column":13},"end":{"line":47,"column":26}},"39":{"start":{"line":48,"column":24},"end":{"line":48,"column":48}},"40":{"start":{"line":49,"column":16},"end":{"line":49,"column":49}},"41":{"start":{"line":50,"column":15},"end":{"line":50,"column":32}},"42":{"start":{"line":51,"column":15},"end":{"line":51,"column":46}},"43":{"start":{"line":52,"column":17},"end":{"line":52,"column":34}},"44":{"start":{"line":53,"column":11},"end":{"line":53,"column":38}},"45":{"start":{"line":54,"column":16},"end":{"line":54,"column":48}},"46":{"start":{"line":55,"column":0},"end":{"line":55,"column":16}},"47":{"start":{"line":56,"column":21},"end":{"line":56,"column":88}},"48":{"start":{"line":57,"column":22},"end":{"line":57,"column":82}},"49":{"start":{"line":58,"column":19},"end":{"line":58,"column":44}},"50":{"start":{"line":59,"column":18},"end":{"line":59,"column":97}},"51":{"start":{"line":60,"column":17},"end":{"line":60,"column":37}},"52":{"start":{"line":61,"column":0},"end":{"line":66,"column":3}},"53":{"start":{"line":67,"column":0},"end":{"line":67,"column":43}},"54":{"start":{"line":68,"column":16},"end":{"line":74,"column":1}},"55":{"start":{"line":75,"column":16},"end":{"line":75,"column":108}},"56":{"start":{"line":83,"column":4},"end":{"line":135,"column":7}},"57":{"start":{"line":85,"column":22},"end":{"line":85,"column":45}},"58":{"start":{"line":86,"column":27},"end":{"line":86,"column":62}},"59":{"start":{"line":87,"column":30},"end":{"line":87,"column":32}},"60":{"start":{"line":88,"column":24},"end":{"line":88,"column":26}},"61":{"start":{"line":89,"column":30},"end":{"line":89,"column":40}},"62":{"start":{"line":90,"column":24},"end":{"line":90,"column":25}},"63":{"start":{"line":91,"column":22},"end":{"line":91,"column":23}},"64":{"start":{"line":93,"column":12},"end":{"line":95,"column":13}},"65":{"start":{"line":94,"column":16},"end":{"line":94,"column":23}},"66":{"start":{"line":96,"column":30},"end":{"line":100,"column":14}},"67":{"start":{"line":101,"column":31},"end":{"line":101,"column":61}},"68":{"start":{"line":102,"column":12},"end":{"line":102,"column":92}},"69":{"start":{"line":103,"column":12},"end":{"line":125,"column":15}},"70":{"start":{"line":104,"column":16},"end":{"line":107,"column":19}},"71":{"start":{"line":108,"column":16},"end":{"line":108,"column":28}},"72":{"start":{"line":109,"column":16},"end":{"line":124,"column":17}},"73":{"start":{"line":110,"column":37},"end":{"line":115,"column":25}},"74":{"start":{"line":111,"column":43},"end":{"line":111,"column":63}},"75":{"start":{"line":112,"column":44},"end":{"line":112,"column":73}},"76":{"start":{"line":113,"column":45},"end":{"line":113,"column":64}},"77":{"start":{"line":114,"column":24},"end":{"line":114,"column":64}},"78":{"start":{"line":116,"column":40},"end":{"line":116,"column":231}},"79":{"start":{"line":116,"column":181},"end":{"line":116,"column":224}},"80":{"start":{"line":117,"column":48},"end":{"line":117,"column":95}},"81":{"start":{"line":117,"column":76},"end":{"line":117,"column":94}},"82":{"start":{"line":118,"column":20},"end":{"line":120,"column":45}},"83":{"start":{"line":119,"column":24},"end":{"line":119,"column":45}},"84":{"start":{"line":123,"column":20},"end":{"line":123,"column":46}},"85":{"start":{"line":126,"column":12},"end":{"line":128,"column":15}},"86":{"start":{"line":127,"column":16},"end":{"line":127,"column":28}},"87":{"start":{"line":129,"column":12},"end":{"line":129,"column":42}},"88":{"start":{"line":130,"column":12},"end":{"line":130,"column":22}},"89":{"start":{"line":132,"column":8},"end":{"line":134,"column":9}},"90":{"start":{"line":132,"column":21},"end":{"line":132,"column":22}},"91":{"start":{"line":133,"column":12},"end":{"line":133,"column":30}},"92":{"start":{"line":144,"column":22},"end":{"line":144,"column":32}},"93":{"start":{"line":145,"column":18},"end":{"line":145,"column":57}},"94":{"start":{"line":147,"column":20},"end":{"line":147,"column":51}},"95":{"start":{"line":148,"column":4},"end":{"line":148,"column":28}},"96":{"start":{"line":159,"column":4},"end":{"line":182,"column":5}},"97":{"start":{"line":160,"column":20},"end":{"line":160,"column":89}},"98":{"start":{"line":161,"column":25},"end":{"line":168,"column":10}},"99":{"start":{"line":169,"column":27},"end":{"line":169,"column":48}},"100":{"start":{"line":170,"column":8},"end":{"line":176,"column":9}},"101":{"start":{"line":172,"column":34},"end":{"line":172,"column":78}},"102":{"start":{"line":173,"column":12},"end":{"line":175,"column":13}},"103":{"start":{"line":174,"column":16},"end":{"line":174,"column":54}},"104":{"start":{"line":177,"column":8},"end":{"line":177,"column":36}},"105":{"start":{"line":181,"column":8},"end":{"line":181,"column":17}},"106":{"start":{"line":193,"column":16},"end":{"line":193,"column":17}},"107":{"start":{"line":194,"column":33},"end":{"line":194,"column":79}},"108":{"start":{"line":195,"column":4},"end":{"line":207,"column":5}},"109":{"start":{"line":196,"column":8},"end":{"line":197,"column":57}},"110":{"start":{"line":197,"column":12},"end":{"line":197,"column":57}},"111":{"start":{"line":198,"column":28},"end":{"line":198,"column":71}},"112":{"start":{"line":199,"column":27},"end":{"line":199,"column":71}},"113":{"start":{"line":200,"column":8},"end":{"line":202,"column":9}},"114":{"start":{"line":201,"column":12},"end":{"line":201,"column":21}},"115":{"start":{"line":203,"column":8},"end":{"line":203,"column":47}},"116":{"start":{"line":206,"column":8},"end":{"line":206,"column":92}},"117":{"start":{"line":208,"column":4},"end":{"line":208,"column":17}},"118":{"start":{"line":218,"column":33},"end":{"line":218,"column":79}},"119":{"start":{"line":219,"column":4},"end":{"line":256,"column":5}},"120":{"start":{"line":220,"column":8},"end":{"line":221,"column":57}},"121":{"start":{"line":221,"column":12},"end":{"line":221,"column":57}},"122":{"start":{"line":223,"column":22},"end":{"line":223,"column":32}},"123":{"start":{"line":224,"column":8},"end":{"line":224,"column":51}},"124":{"start":{"line":225,"column":20},"end":{"line":225,"column":82}},"125":{"start":{"line":226,"column":25},"end":{"line":234,"column":10}},"126":{"start":{"line":235,"column":24},"end":{"line":235,"column":37}},"127":{"start":{"line":236,"column":8},"end":{"line":237,"column":21}},"128":{"start":{"line":237,"column":12},"end":{"line":237,"column":21}},"129":{"start":{"line":239,"column":35},"end":{"line":239,"column":37}},"130":{"start":{"line":241,"column":8},"end":{"line":247,"column":11}},"131":{"start":{"line":243,"column":27},"end":{"line":243,"column":93}},"132":{"start":{"line":244,"column":12},"end":{"line":246,"column":13}},"133":{"start":{"line":245,"column":16},"end":{"line":245,"column":83}},"134":{"start":{"line":249,"column":35},"end":{"line":249,"column":115}},"135":{"start":{"line":249,"column":91},"end":{"line":249,"column":107}},"136":{"start":{"line":250,"column":22},"end":{"line":250,"column":76}},"137":{"start":{"line":251,"column":8},"end":{"line":251,"column":21}},"138":{"start":{"line":255,"column":8},"end":{"line":255,"column":17}},"139":{"start":{"line":266,"column":4},"end":{"line":266,"column":58}},"140":{"start":{"line":267,"column":46},"end":{"line":279,"column":6}},"141":{"start":{"line":269,"column":32},"end":{"line":269,"column":72}},"142":{"start":{"line":270,"column":36},"end":{"line":270,"column":83}},"143":{"start":{"line":271,"column":12},"end":{"line":276,"column":13}},"144":{"start":{"line":272,"column":16},"end":{"line":272,"column":88}},"145":{"start":{"line":275,"column":16},"end":{"line":275,"column":83}},"146":{"start":{"line":280,"column":28},"end":{"line":280,"column":96}},"147":{"start":{"line":281,"column":25},"end":{"line":281,"column":87}},"148":{"start":{"line":282,"column":4},"end":{"line":287,"column":5}},"149":{"start":{"line":283,"column":8},"end":{"line":283,"column":79}},"150":{"start":{"line":286,"column":8},"end":{"line":286,"column":87}},"151":{"start":{"line":288,"column":4},"end":{"line":293,"column":5}},"152":{"start":{"line":289,"column":8},"end":{"line":289,"column":73}},"153":{"start":{"line":292,"column":8},"end":{"line":292,"column":81}},"154":{"start":{"line":295,"column":4},"end":{"line":297,"column":5}},"155":{"start":{"line":296,"column":8},"end":{"line":296,"column":119}},"156":{"start":{"line":298,"column":4},"end":{"line":298,"column":63}},"157":{"start":{"line":308,"column":24},"end":{"line":308,"column":64}},"158":{"start":{"line":309,"column":28},"end":{"line":309,"column":75}},"159":{"start":{"line":310,"column":4},"end":{"line":352,"column":7}},"160":{"start":{"line":312,"column":8},"end":{"line":351,"column":11}},"161":{"start":{"line":313,"column":12},"end":{"line":315,"column":13}},"162":{"start":{"line":314,"column":16},"end":{"line":314,"column":87}},"163":{"start":{"line":316,"column":25},"end":{"line":316,"column":100}},"164":{"start":{"line":317,"column":12},"end":{"line":350,"column":15}},"165":{"start":{"line":318,"column":16},"end":{"line":320,"column":17}},"166":{"start":{"line":319,"column":20},"end":{"line":319,"column":88}},"167":{"start":{"line":321,"column":32},"end":{"line":321,"column":117}},"168":{"start":{"line":322,"column":16},"end":{"line":324,"column":19}},"169":{"start":{"line":323,"column":20},"end":{"line":323,"column":72}},"170":{"start":{"line":325,"column":16},"end":{"line":349,"column":19}},"171":{"start":{"line":326,"column":20},"end":{"line":328,"column":21}},"172":{"start":{"line":327,"column":24},"end":{"line":327,"column":86}},"173":{"start":{"line":329,"column":34},"end":{"line":329,"column":114}},"174":{"start":{"line":330,"column":40},"end":{"line":330,"column":42}},"175":{"start":{"line":331,"column":20},"end":{"line":333,"column":23}},"176":{"start":{"line":332,"column":24},"end":{"line":332,"column":46}},"177":{"start":{"line":334,"column":20},"end":{"line":348,"column":23}},"178":{"start":{"line":335,"column":24},"end":{"line":347,"column":25}},"179":{"start":{"line":336,"column":46},"end":{"line":336,"column":71}},"180":{"start":{"line":337,"column":56},"end":{"line":337,"column":90}},"181":{"start":{"line":338,"column":28},"end":{"line":338,"column":114}},"182":{"start":{"line":339,"column":43},"end":{"line":339,"column":82}},"183":{"start":{"line":340,"column":52},"end":{"line":340,"column":104}},"184":{"start":{"line":340,"column":72},"end":{"line":340,"column":103}},"185":{"start":{"line":341,"column":28},"end":{"line":341,"column":88}},"186":{"start":{"line":342,"column":47},"end":{"line":342,"column":130}},"187":{"start":{"line":342,"column":94},"end":{"line":342,"column":126}},"188":{"start":{"line":343,"column":28},"end":{"line":343,"column":61}},"189":{"start":{"line":346,"column":28},"end":{"line":346,"column":88}},"190":{"start":{"line":361,"column":4},"end":{"line":381,"column":7}},"191":{"start":{"line":363,"column":23},"end":{"line":368,"column":10}},"192":{"start":{"line":370,"column":24},"end":{"line":370,"column":62}},"193":{"start":{"line":372,"column":8},"end":{"line":380,"column":11}},"194":{"start":{"line":373,"column":12},"end":{"line":373,"column":80}},"195":{"start":{"line":374,"column":31},"end":{"line":374,"column":86}},"196":{"start":{"line":374,"column":61},"end":{"line":374,"column":82}},"197":{"start":{"line":375,"column":32},"end":{"line":375,"column":46}},"198":{"start":{"line":376,"column":30},"end":{"line":376,"column":65}},"199":{"start":{"line":377,"column":12},"end":{"line":377,"column":44}},"200":{"start":{"line":379,"column":12},"end":{"line":379,"column":42}},"201":{"start":{"line":392,"column":23},"end":{"line":392,"column":50}},"202":{"start":{"line":393,"column":22},"end":{"line":393,"column":23}},"203":{"start":{"line":394,"column":4},"end":{"line":407,"column":5}},"204":{"start":{"line":395,"column":8},"end":{"line":402,"column":9}},"205":{"start":{"line":396,"column":34},"end":{"line":396,"column":70}},"206":{"start":{"line":397,"column":12},"end":{"line":397,"column":141}},"207":{"start":{"line":401,"column":12},"end":{"line":401,"column":28}},"208":{"start":{"line":406,"column":8},"end":{"line":406,"column":24}},"209":{"start":{"line":409,"column":22},"end":{"line":409,"column":50}},"210":{"start":{"line":410,"column":41},"end":{"line":410,"column":71}},"211":{"start":{"line":412,"column":27},"end":{"line":412,"column":52}},"212":{"start":{"line":413,"column":25},"end":{"line":413,"column":120}},"213":{"start":{"line":415,"column":24},"end":{"line":415,"column":62}},"214":{"start":{"line":416,"column":4},"end":{"line":416,"column":40}},"215":{"start":{"line":425,"column":18},"end":{"line":425,"column":37}},"216":{"start":{"line":426,"column":4},"end":{"line":442,"column":5}},"217":{"start":{"line":427,"column":25},"end":{"line":427,"column":45}},"218":{"start":{"line":428,"column":21},"end":{"line":428,"column":43}},"219":{"start":{"line":429,"column":8},"end":{"line":433,"column":9}},"220":{"start":{"line":432,"column":12},"end":{"line":432,"column":21}},"221":{"start":{"line":434,"column":8},"end":{"line":441,"column":9}},"222":{"start":{"line":435,"column":26},"end":{"line":435,"column":50}},"223":{"start":{"line":436,"column":12},"end":{"line":437,"column":29}},"224":{"start":{"line":437,"column":16},"end":{"line":437,"column":29}},"225":{"start":{"line":439,"column":13},"end":{"line":441,"column":9}},"226":{"start":{"line":440,"column":12},"end":{"line":440,"column":28}},"227":{"start":{"line":443,"column":4},"end":{"line":443,"column":16}},"228":{"start":{"line":452,"column":20},"end":{"line":452,"column":22}},"229":{"start":{"line":453,"column":18},"end":{"line":453,"column":37}},"230":{"start":{"line":454,"column":4},"end":{"line":467,"column":5}},"231":{"start":{"line":455,"column":25},"end":{"line":455,"column":45}},"232":{"start":{"line":456,"column":21},"end":{"line":456,"column":43}},"233":{"start":{"line":457,"column":8},"end":{"line":460,"column":9}},"234":{"start":{"line":459,"column":12},"end":{"line":459,"column":21}},"235":{"start":{"line":461,"column":8},"end":{"line":466,"column":9}},"236":{"start":{"line":462,"column":12},"end":{"line":462,"column":68}},"237":{"start":{"line":464,"column":13},"end":{"line":466,"column":9}},"238":{"start":{"line":465,"column":12},"end":{"line":465,"column":37}},"239":{"start":{"line":468,"column":4},"end":{"line":468,"column":21}},"240":{"start":{"line":477,"column":23},"end":{"line":477,"column":24}},"241":{"start":{"line":478,"column":21},"end":{"line":478,"column":22}},"242":{"start":{"line":479,"column":4},"end":{"line":489,"column":5}},"243":{"start":{"line":480,"column":24},"end":{"line":480,"column":54}},"244":{"start":{"line":481,"column":22},"end":{"line":481,"column":41}},"245":{"start":{"line":482,"column":8},"end":{"line":482,"column":35}},"246":{"start":{"line":483,"column":8},"end":{"line":488,"column":9}},"247":{"start":{"line":484,"column":32},"end":{"line":484,"column":43}},"248":{"start":{"line":485,"column":12},"end":{"line":487,"column":13}},"249":{"start":{"line":486,"column":16},"end":{"line":486,"column":31}},"250":{"start":{"line":490,"column":4},"end":{"line":490,"column":40}},"251":{"start":{"line":501,"column":16},"end":{"line":501,"column":17}},"252":{"start":{"line":502,"column":33},"end":{"line":502,"column":79}},"253":{"start":{"line":503,"column":4},"end":{"line":525,"column":5}},"254":{"start":{"line":504,"column":8},"end":{"line":505,"column":57}},"255":{"start":{"line":505,"column":12},"end":{"line":505,"column":57}},"256":{"start":{"line":506,"column":20},"end":{"line":506,"column":82}},"257":{"start":{"line":507,"column":25},"end":{"line":512,"column":10}},"258":{"start":{"line":513,"column":8},"end":{"line":515,"column":9}},"259":{"start":{"line":514,"column":12},"end":{"line":514,"column":22}},"260":{"start":{"line":518,"column":8},"end":{"line":523,"column":9}},"261":{"start":{"line":524,"column":8},"end":{"line":524,"column":17}},"262":{"start":{"line":526,"column":4},"end":{"line":526,"column":17}},"263":{"start":{"line":528,"column":0},"end":{"line":540,"column":1}},"264":{"start":{"line":529,"column":39},"end":{"line":529,"column":59}},"265":{"start":{"line":530,"column":19},"end":{"line":530,"column":39}},"266":{"start":{"line":531,"column":4},"end":{"line":539,"column":7}},"267":{"start":{"line":532,"column":8},"end":{"line":538,"column":11}},"268":{"start":{"line":533,"column":12},"end":{"line":533,"column":100}},"269":{"start":{"line":534,"column":12},"end":{"line":534,"column":45}},"270":{"start":{"line":536,"column":12},"end":{"line":536,"column":96}},"271":{"start":{"line":537,"column":12},"end":{"line":537,"column":45}}},"fnMap":{"0":{"name":"(anonymous_0)","decl":{"start":{"line":8,"column":74},"end":{"line":8,"column":75}},"loc":{"start":{"line":8,"column":96},"end":{"line":15,"column":1}},"line":8},"1":{"name":"(anonymous_1)","decl":{"start":{"line":12,"column":38},"end":{"line":12,"column":39}},"loc":{"start":{"line":12,"column":49},"end":{"line":12,"column":65}},"line":12},"2":{"name":"(anonymous_2)","decl":{"start":{"line":15,"column":6},"end":{"line":15,"column":7}},"loc":{"start":{"line":15,"column":28},"end":{"line":18,"column":1}},"line":15},"3":{"name":"(anonymous_3)","decl":{"start":{"line":19,"column":80},"end":{"line":19,"column":81}},"loc":{"start":{"line":19,"column":95},"end":{"line":21,"column":1}},"line":19},"4":{"name":"(anonymous_4)","decl":{"start":{"line":21,"column":5},"end":{"line":21,"column":6}},"loc":{"start":{"line":21,"column":20},"end":{"line":23,"column":1}},"line":21},"5":{"name":"(anonymous_5)","decl":{"start":{"line":24,"column":50},"end":{"line":24,"column":51}},"loc":{"start":{"line":24,"column":65},"end":{"line":30,"column":1}},"line":24},"6":{"name":"(anonymous_6)","decl":{"start":{"line":31,"column":56},"end":{"line":31,"column":57}},"loc":{"start":{"line":31,"column":71},"end":{"line":33,"column":1}},"line":31},"7":{"name":"computeMetrics","decl":{"start":{"line":82,"column":15},"end":{"line":82,"column":29}},"loc":{"start":{"line":82,"column":55},"end":{"line":136,"column":1}},"line":82},"8":{"name":"(anonymous_8)","decl":{"start":{"line":83,"column":23},"end":{"line":83,"column":24}},"loc":{"start":{"line":83,"column":44},"end":{"line":135,"column":5}},"line":83},"9":{"name":"startNewWorker","decl":{"start":{"line":92,"column":17},"end":{"line":92,"column":31}},"loc":{"start":{"line":92,"column":45},"end":{"line":131,"column":9}},"line":92},"10":{"name":"(anonymous_10)","decl":{"start":{"line":103,"column":43},"end":{"line":103,"column":44}},"loc":{"start":{"line":103,"column":56},"end":{"line":125,"column":13}},"line":103},"11":{"name":"(anonymous_11)","decl":{"start":{"line":110,"column":52},"end":{"line":110,"column":53}},"loc":{"start":{"line":110,"column":67},"end":{"line":115,"column":21}},"line":110},"12":{"name":"(anonymous_12)","decl":{"start":{"line":116,"column":165},"end":{"line":116,"column":166}},"loc":{"start":{"line":116,"column":181},"end":{"line":116,"column":224}},"line":116},"13":{"name":"(anonymous_13)","decl":{"start":{"line":117,"column":66},"end":{"line":117,"column":67}},"loc":{"start":{"line":117,"column":76},"end":{"line":117,"column":94}},"line":117},"14":{"name":"(anonymous_14)","decl":{"start":{"line":118,"column":58},"end":{"line":118,"column":59}},"loc":{"start":{"line":118,"column":64},"end":{"line":120,"column":21}},"line":118},"15":{"name":"(anonymous_15)","decl":{"start":{"line":120,"column":29},"end":{"line":120,"column":30}},"loc":{"start":{"line":120,"column":40},"end":{"line":120,"column":43}},"line":120},"16":{"name":"(anonymous_16)","decl":{"start":{"line":126,"column":34},"end":{"line":126,"column":35}},"loc":{"start":{"line":126,"column":43},"end":{"line":128,"column":13}},"line":126},"17":{"name":"metricsRunner","decl":{"start":{"line":142,"column":15},"end":{"line":142,"column":28}},"loc":{"start":{"line":142,"column":64},"end":{"line":149,"column":1}},"line":142},"18":{"name":"countIssue","decl":{"start":{"line":158,"column":15},"end":{"line":158,"column":25}},"loc":{"start":{"line":158,"column":46},"end":{"line":183,"column":1}},"line":158},"19":{"name":"ResponsiveMaintainer","decl":{"start":{"line":192,"column":15},"end":{"line":192,"column":35}},"loc":{"start":{"line":192,"column":61},"end":{"line":209,"column":1}},"line":192},"20":{"name":"BusFactor","decl":{"start":{"line":217,"column":15},"end":{"line":217,"column":24}},"loc":{"start":{"line":217,"column":50},"end":{"line":257,"column":1}},"line":217},"21":{"name":"(anonymous_21)","decl":{"start":{"line":241,"column":24},"end":{"line":241,"column":25}},"loc":{"start":{"line":241,"column":36},"end":{"line":247,"column":9}},"line":241},"22":{"name":"(anonymous_22)","decl":{"start":{"line":249,"column":76},"end":{"line":249,"column":77}},"loc":{"start":{"line":249,"column":91},"end":{"line":249,"column":107}},"line":249},"23":{"name":"Correctness","decl":{"start":{"line":265,"column":15},"end":{"line":265,"column":26}},"loc":{"start":{"line":265,"column":52},"end":{"line":299,"column":1}},"line":265},"24":{"name":"(anonymous_24)","decl":{"start":{"line":268,"column":48},"end":{"line":268,"column":49}},"loc":{"start":{"line":268,"column":60},"end":{"line":277,"column":9}},"line":268},"25":{"name":"dependencyAnalysis","decl":{"start":{"line":307,"column":15},"end":{"line":307,"column":33}},"loc":{"start":{"line":307,"column":47},"end":{"line":353,"column":1}},"line":307},"26":{"name":"(anonymous_26)","decl":{"start":{"line":310,"column":23},"end":{"line":310,"column":24}},"loc":{"start":{"line":310,"column":44},"end":{"line":352,"column":5}},"line":310},"27":{"name":"(anonymous_27)","decl":{"start":{"line":312,"column":55},"end":{"line":312,"column":56}},"loc":{"start":{"line":312,"column":64},"end":{"line":351,"column":9}},"line":312},"28":{"name":"(anonymous_28)","decl":{"start":{"line":317,"column":29},"end":{"line":317,"column":30}},"loc":{"start":{"line":317,"column":39},"end":{"line":350,"column":13}},"line":317},"29":{"name":"(anonymous_29)","decl":{"start":{"line":322,"column":37},"end":{"line":322,"column":38}},"loc":{"start":{"line":322,"column":47},"end":{"line":324,"column":17}},"line":322},"30":{"name":"(anonymous_30)","decl":{"start":{"line":325,"column":36},"end":{"line":325,"column":37}},"loc":{"start":{"line":325,"column":46},"end":{"line":349,"column":17}},"line":325},"31":{"name":"(anonymous_31)","decl":{"start":{"line":331,"column":44},"end":{"line":331,"column":45}},"loc":{"start":{"line":331,"column":54},"end":{"line":333,"column":21}},"line":331},"32":{"name":"(anonymous_32)","decl":{"start":{"line":334,"column":38},"end":{"line":334,"column":39}},"loc":{"start":{"line":334,"column":44},"end":{"line":348,"column":21}},"line":334},"33":{"name":"(anonymous_33)","decl":{"start":{"line":340,"column":63},"end":{"line":340,"column":64}},"loc":{"start":{"line":340,"column":72},"end":{"line":340,"column":103}},"line":340},"34":{"name":"(anonymous_34)","decl":{"start":{"line":342,"column":74},"end":{"line":342,"column":75}},"loc":{"start":{"line":342,"column":94},"end":{"line":342,"column":126}},"line":342},"35":{"name":"linting","decl":{"start":{"line":360,"column":15},"end":{"line":360,"column":22}},"loc":{"start":{"line":360,"column":36},"end":{"line":382,"column":1}},"line":360},"36":{"name":"(anonymous_36)","decl":{"start":{"line":361,"column":23},"end":{"line":361,"column":24}},"loc":{"start":{"line":361,"column":44},"end":{"line":381,"column":5}},"line":361},"37":{"name":"(anonymous_37)","decl":{"start":{"line":372,"column":39},"end":{"line":372,"column":40}},"loc":{"start":{"line":372,"column":52},"end":{"line":378,"column":9}},"line":372},"38":{"name":"(anonymous_38)","decl":{"start":{"line":374,"column":46},"end":{"line":374,"column":47}},"loc":{"start":{"line":374,"column":61},"end":{"line":374,"column":82}},"line":374},"39":{"name":"(anonymous_39)","decl":{"start":{"line":378,"column":17},"end":{"line":378,"column":18}},"loc":{"start":{"line":378,"column":28},"end":{"line":380,"column":9}},"line":378},"40":{"name":"RampUp","decl":{"start":{"line":390,"column":15},"end":{"line":390,"column":21}},"loc":{"start":{"line":390,"column":47},"end":{"line":417,"column":1}},"line":390},"41":{"name":"findReadmeFile","decl":{"start":{"line":424,"column":9},"end":{"line":424,"column":23}},"loc":{"start":{"line":424,"column":29},"end":{"line":444,"column":1}},"line":424},"42":{"name":"getAllCodeFiles","decl":{"start":{"line":451,"column":9},"end":{"line":451,"column":24}},"loc":{"start":{"line":451,"column":30},"end":{"line":469,"column":1}},"line":451},"43":{"name":"analyzeCodeComments","decl":{"start":{"line":476,"column":9},"end":{"line":476,"column":28}},"loc":{"start":{"line":476,"column":36},"end":{"line":491,"column":1}},"line":476},"44":{"name":"License","decl":{"start":{"line":499,"column":15},"end":{"line":499,"column":22}},"loc":{"start":{"line":499,"column":48},"end":{"line":527,"column":1}},"line":499},"45":{"name":"(anonymous_45)","decl":{"start":{"line":531,"column":88},"end":{"line":531,"column":89}},"loc":{"start":{"line":531,"column":103},"end":{"line":539,"column":5}},"line":531},"46":{"name":"(anonymous_46)","decl":{"start":{"line":532,"column":46},"end":{"line":532,"column":47}},"loc":{"start":{"line":532,"column":64},"end":{"line":535,"column":9}},"line":532},"47":{"name":"(anonymous_47)","decl":{"start":{"line":535,"column":17},"end":{"line":535,"column":18}},"loc":{"start":{"line":535,"column":28},"end":{"line":538,"column":9}},"line":535}},"branchMap":{"0":{"loc":{"start":{"line":8,"column":22},"end":{"line":18,"column":3}},"type":"binary-expr","locations":[{"start":{"line":8,"column":23},"end":{"line":8,"column":27}},{"start":{"line":8,"column":31},"end":{"line":8,"column":51}},{"start":{"line":8,"column":57},"end":{"line":18,"column":2}}],"line":8},"1":{"loc":{"start":{"line":8,"column":57},"end":{"line":18,"column":2}},"type":"cond-expr","locations":[{"start":{"line":8,"column":74},"end":{"line":15,"column":1}},{"start":{"line":15,"column":6},"end":{"line":18,"column":1}}],"line":8},"2":{"loc":{"start":{"line":9,"column":4},"end":{"line":9,"column":33}},"type":"if","locations":[{"start":{"line":9,"column":4},"end":{"line":9,"column":33}},{"start":{},"end":{}}],"line":9},"3":{"loc":{"start":{"line":11,"column":4},"end":{"line":13,"column":5}},"type":"if","locations":[{"start":{"line":11,"column":4},"end":{"line":13,"column":5}},{"start":{},"end":{}}],"line":11},"4":{"loc":{"start":{"line":11,"column":8},"end":{"line":11,"column":85}},"type":"binary-expr","locations":[{"start":{"line":11,"column":8},"end":{"line":11,"column":13}},{"start":{"line":11,"column":18},"end":{"line":11,"column":84}}],"line":11},"5":{"loc":{"start":{"line":11,"column":18},"end":{"line":11,"column":84}},"type":"cond-expr","locations":[{"start":{"line":11,"column":34},"end":{"line":11,"column":47}},{"start":{"line":11,"column":50},"end":{"line":11,"column":84}}],"line":11},"6":{"loc":{"start":{"line":11,"column":50},"end":{"line":11,"column":84}},"type":"binary-expr","locations":[{"start":{"line":11,"column":50},"end":{"line":11,"column":63}},{"start":{"line":11,"column":67},"end":{"line":11,"column":84}}],"line":11},"7":{"loc":{"start":{"line":16,"column":4},"end":{"line":16,"column":33}},"type":"if","locations":[{"start":{"line":16,"column":4},"end":{"line":16,"column":33}},{"start":{},"end":{}}],"line":16},"8":{"loc":{"start":{"line":19,"column":25},"end":{"line":23,"column":2}},"type":"binary-expr","locations":[{"start":{"line":19,"column":26},"end":{"line":19,"column":30}},{"start":{"line":19,"column":34},"end":{"line":19,"column":57}},{"start":{"line":19,"column":63},"end":{"line":23,"column":1}}],"line":19},"9":{"loc":{"start":{"line":19,"column":63},"end":{"line":23,"column":1}},"type":"cond-expr","locations":[{"start":{"line":19,"column":80},"end":{"line":21,"column":1}},{"start":{"line":21,"column":5},"end":{"line":23,"column":1}}],"line":19},"10":{"loc":{"start":{"line":24,"column":19},"end":{"line":30,"column":1}},"type":"binary-expr","locations":[{"start":{"line":24,"column":20},"end":{"line":24,"column":24}},{"start":{"line":24,"column":28},"end":{"line":24,"column":45}},{"start":{"line":24,"column":50},"end":{"line":30,"column":1}}],"line":24},"11":{"loc":{"start":{"line":25,"column":4},"end":{"line":25,"column":42}},"type":"if","locations":[{"start":{"line":25,"column":4},"end":{"line":25,"column":42}},{"start":{},"end":{}}],"line":25},"12":{"loc":{"start":{"line":25,"column":8},"end":{"line":25,"column":29}},"type":"binary-expr","locations":[{"start":{"line":25,"column":8},"end":{"line":25,"column":11}},{"start":{"line":25,"column":15},"end":{"line":25,"column":29}}],"line":25},"13":{"loc":{"start":{"line":27,"column":4},"end":{"line":27,"column":141}},"type":"if","locations":[{"start":{"line":27,"column":4},"end":{"line":27,"column":141}},{"start":{},"end":{}}],"line":27},"14":{"loc":{"start":{"line":27,"column":40},"end":{"line":27,"column":141}},"type":"if","locations":[{"start":{"line":27,"column":40},"end":{"line":27,"column":141}},{"start":{},"end":{}}],"line":27},"15":{"loc":{"start":{"line":27,"column":44},"end":{"line":27,"column":107}},"type":"binary-expr","locations":[{"start":{"line":27,"column":44},"end":{"line":27,"column":59}},{"start":{"line":27,"column":63},"end":{"line":27,"column":107}}],"line":27},"16":{"loc":{"start":{"line":31,"column":22},"end":{"line":33,"column":1}},"type":"binary-expr","locations":[{"start":{"line":31,"column":23},"end":{"line":31,"column":27}},{"start":{"line":31,"column":31},"end":{"line":31,"column":51}},{"start":{"line":31,"column":56},"end":{"line":33,"column":1}}],"line":31},"17":{"loc":{"start":{"line":32,"column":11},"end":{"line":32,"column":61}},"type":"cond-expr","locations":[{"start":{"line":32,"column":37},"end":{"line":32,"column":40}},{"start":{"line":32,"column":43},"end":{"line":32,"column":61}}],"line":32},"18":{"loc":{"start":{"line":32,"column":12},"end":{"line":32,"column":33}},"type":"binary-expr","locations":[{"start":{"line":32,"column":12},"end":{"line":32,"column":15}},{"start":{"line":32,"column":19},"end":{"line":32,"column":33}}],"line":32},"19":{"loc":{"start":{"line":56,"column":21},"end":{"line":56,"column":88}},"type":"cond-expr","locations":[{"start":{"line":56,"column":81},"end":{"line":56,"column":83}},{"start":{"line":56,"column":86},"end":{"line":56,"column":88}}],"line":56},"20":{"loc":{"start":{"line":56,"column":21},"end":{"line":56,"column":78}},"type":"binary-expr","locations":[{"start":{"line":56,"column":21},"end":{"line":56,"column":61}},{"start":{"line":56,"column":65},"end":{"line":56,"column":78}}],"line":56},"21":{"loc":{"start":{"line":59,"column":27},"end":{"line":59,"column":92}},"type":"cond-expr","locations":[{"start":{"line":59,"column":84},"end":{"line":59,"column":86}},{"start":{"line":59,"column":89},"end":{"line":59,"column":92}}],"line":59},"22":{"loc":{"start":{"line":59,"column":27},"end":{"line":59,"column":81}},"type":"binary-expr","locations":[{"start":{"line":59,"column":27},"end":{"line":59,"column":64}},{"start":{"line":59,"column":68},"end":{"line":59,"column":81}}],"line":59},"23":{"loc":{"start":{"line":93,"column":12},"end":{"line":95,"column":13}},"type":"if","locations":[{"start":{"line":93,"column":12},"end":{"line":95,"column":13}},{"start":{},"end":{}}],"line":93},"24":{"loc":{"start":{"line":109,"column":16},"end":{"line":124,"column":17}},"type":"if","locations":[{"start":{"line":109,"column":16},"end":{"line":124,"column":17}},{"start":{"line":122,"column":21},"end":{"line":124,"column":17}}],"line":109},"25":{"loc":{"start":{"line":170,"column":8},"end":{"line":176,"column":9}},"type":"if","locations":[{"start":{"line":170,"column":8},"end":{"line":176,"column":9}},{"start":{},"end":{}}],"line":170},"26":{"loc":{"start":{"line":173,"column":12},"end":{"line":175,"column":13}},"type":"if","locations":[{"start":{"line":173,"column":12},"end":{"line":175,"column":13}},{"start":{},"end":{}}],"line":173},"27":{"loc":{"start":{"line":196,"column":8},"end":{"line":197,"column":57}},"type":"if","locations":[{"start":{"line":196,"column":8},"end":{"line":197,"column":57}},{"start":{},"end":{}}],"line":196},"28":{"loc":{"start":{"line":200,"column":8},"end":{"line":202,"column":9}},"type":"if","locations":[{"start":{"line":200,"column":8},"end":{"line":202,"column":9}},{"start":{},"end":{}}],"line":200},"29":{"loc":{"start":{"line":220,"column":8},"end":{"line":221,"column":57}},"type":"if","locations":[{"start":{"line":220,"column":8},"end":{"line":221,"column":57}},{"start":{},"end":{}}],"line":220},"30":{"loc":{"start":{"line":236,"column":8},"end":{"line":237,"column":21}},"type":"if","locations":[{"start":{"line":236,"column":8},"end":{"line":237,"column":21}},{"start":{},"end":{}}],"line":236},"31":{"loc":{"start":{"line":236,"column":12},"end":{"line":236,"column":44}},"type":"binary-expr","locations":[{"start":{"line":236,"column":12},"end":{"line":236,"column":20}},{"start":{"line":236,"column":24},"end":{"line":236,"column":44}}],"line":236},"32":{"loc":{"start":{"line":243,"column":27},"end":{"line":243,"column":93}},"type":"cond-expr","locations":[{"start":{"line":243,"column":76},"end":{"line":243,"column":82}},{"start":{"line":243,"column":85},"end":{"line":243,"column":93}}],"line":243},"33":{"loc":{"start":{"line":243,"column":27},"end":{"line":243,"column":73}},"type":"binary-expr","locations":[{"start":{"line":243,"column":27},"end":{"line":243,"column":56}},{"start":{"line":243,"column":60},"end":{"line":243,"column":73}}],"line":243},"34":{"loc":{"start":{"line":244,"column":12},"end":{"line":246,"column":13}},"type":"if","locations":[{"start":{"line":244,"column":12},"end":{"line":246,"column":13}},{"start":{},"end":{}}],"line":244},"35":{"loc":{"start":{"line":245,"column":46},"end":{"line":245,"column":77}},"type":"binary-expr","locations":[{"start":{"line":245,"column":46},"end":{"line":245,"column":72}},{"start":{"line":245,"column":76},"end":{"line":245,"column":77}}],"line":245},"36":{"loc":{"start":{"line":250,"column":22},"end":{"line":250,"column":76}},"type":"cond-expr","locations":[{"start":{"line":250,"column":49},"end":{"line":250,"column":50}},{"start":{"line":250,"column":53},"end":{"line":250,"column":76}}],"line":250},"37":{"loc":{"start":{"line":280,"column":28},"end":{"line":280,"column":96}},"type":"cond-expr","locations":[{"start":{"line":280,"column":70},"end":{"line":280,"column":92}},{"start":{"line":280,"column":95},"end":{"line":280,"column":96}}],"line":280},"38":{"loc":{"start":{"line":281,"column":25},"end":{"line":281,"column":87}},"type":"cond-expr","locations":[{"start":{"line":281,"column":64},"end":{"line":281,"column":83}},{"start":{"line":281,"column":86},"end":{"line":281,"column":87}}],"line":281},"39":{"loc":{"start":{"line":282,"column":4},"end":{"line":287,"column":5}},"type":"if","locations":[{"start":{"line":282,"column":4},"end":{"line":287,"column":5}},{"start":{"line":285,"column":9},"end":{"line":287,"column":5}}],"line":282},"40":{"loc":{"start":{"line":288,"column":4},"end":{"line":293,"column":5}},"type":"if","locations":[{"start":{"line":288,"column":4},"end":{"line":293,"column":5}},{"start":{"line":291,"column":9},"end":{"line":293,"column":5}}],"line":288},"41":{"loc":{"start":{"line":295,"column":4},"end":{"line":297,"column":5}},"type":"if","locations":[{"start":{"line":295,"column":4},"end":{"line":297,"column":5}},{"start":{},"end":{}}],"line":295},"42":{"loc":{"start":{"line":295,"column":8},"end":{"line":295,"column":85}},"type":"binary-expr","locations":[{"start":{"line":295,"column":8},"end":{"line":295,"column":46}},{"start":{"line":295,"column":50},"end":{"line":295,"column":85}}],"line":295},"43":{"loc":{"start":{"line":313,"column":12},"end":{"line":315,"column":13}},"type":"if","locations":[{"start":{"line":313,"column":12},"end":{"line":315,"column":13}},{"start":{},"end":{}}],"line":313},"44":{"loc":{"start":{"line":318,"column":16},"end":{"line":320,"column":17}},"type":"if","locations":[{"start":{"line":318,"column":16},"end":{"line":320,"column":17}},{"start":{},"end":{}}],"line":318},"45":{"loc":{"start":{"line":326,"column":20},"end":{"line":328,"column":21}},"type":"if","locations":[{"start":{"line":326,"column":20},"end":{"line":328,"column":21}},{"start":{},"end":{}}],"line":326},"46":{"loc":{"start":{"line":340,"column":72},"end":{"line":340,"column":103}},"type":"binary-expr","locations":[{"start":{"line":340,"column":72},"end":{"line":340,"column":98}},{"start":{"line":340,"column":102},"end":{"line":340,"column":103}}],"line":340},"47":{"loc":{"start":{"line":394,"column":4},"end":{"line":407,"column":5}},"type":"if","locations":[{"start":{"line":394,"column":4},"end":{"line":407,"column":5}},{"start":{"line":404,"column":9},"end":{"line":407,"column":5}}],"line":394},"48":{"loc":{"start":{"line":397,"column":26},"end":{"line":397,"column":140}},"type":"cond-expr","locations":[{"start":{"line":397,"column":56},"end":{"line":397,"column":57}},{"start":{"line":397,"column":61},"end":{"line":397,"column":139}}],"line":397},"49":{"loc":{"start":{"line":397,"column":61},"end":{"line":397,"column":139}},"type":"cond-expr","locations":[{"start":{"line":397,"column":91},"end":{"line":397,"column":95}},{"start":{"line":397,"column":99},"end":{"line":397,"column":138}}],"line":397},"50":{"loc":{"start":{"line":397,"column":99},"end":{"line":397,"column":138}},"type":"cond-expr","locations":[{"start":{"line":397,"column":128},"end":{"line":397,"column":131}},{"start":{"line":397,"column":134},"end":{"line":397,"column":138}}],"line":397},"51":{"loc":{"start":{"line":413,"column":25},"end":{"line":413,"column":120}},"type":"cond-expr","locations":[{"start":{"line":413,"column":48},"end":{"line":413,"column":49}},{"start":{"line":413,"column":53},"end":{"line":413,"column":119}}],"line":413},"52":{"loc":{"start":{"line":413,"column":53},"end":{"line":413,"column":119}},"type":"cond-expr","locations":[{"start":{"line":413,"column":77},"end":{"line":413,"column":81}},{"start":{"line":413,"column":85},"end":{"line":413,"column":118}}],"line":413},"53":{"loc":{"start":{"line":413,"column":85},"end":{"line":413,"column":118}},"type":"cond-expr","locations":[{"start":{"line":413,"column":108},"end":{"line":413,"column":111}},{"start":{"line":413,"column":114},"end":{"line":413,"column":118}}],"line":413},"54":{"loc":{"start":{"line":429,"column":8},"end":{"line":433,"column":9}},"type":"if","locations":[{"start":{"line":429,"column":8},"end":{"line":433,"column":9}},{"start":{},"end":{}}],"line":429},"55":{"loc":{"start":{"line":434,"column":8},"end":{"line":441,"column":9}},"type":"if","locations":[{"start":{"line":434,"column":8},"end":{"line":441,"column":9}},{"start":{"line":439,"column":13},"end":{"line":441,"column":9}}],"line":434},"56":{"loc":{"start":{"line":436,"column":12},"end":{"line":437,"column":29}},"type":"if","locations":[{"start":{"line":436,"column":12},"end":{"line":437,"column":29}},{"start":{},"end":{}}],"line":436},"57":{"loc":{"start":{"line":439,"column":13},"end":{"line":441,"column":9}},"type":"if","locations":[{"start":{"line":439,"column":13},"end":{"line":441,"column":9}},{"start":{},"end":{}}],"line":439},"58":{"loc":{"start":{"line":457,"column":8},"end":{"line":460,"column":9}},"type":"if","locations":[{"start":{"line":457,"column":8},"end":{"line":460,"column":9}},{"start":{},"end":{}}],"line":457},"59":{"loc":{"start":{"line":461,"column":8},"end":{"line":466,"column":9}},"type":"if","locations":[{"start":{"line":461,"column":8},"end":{"line":466,"column":9}},{"start":{"line":464,"column":13},"end":{"line":466,"column":9}}],"line":461},"60":{"loc":{"start":{"line":464,"column":13},"end":{"line":466,"column":9}},"type":"if","locations":[{"start":{"line":464,"column":13},"end":{"line":466,"column":9}},{"start":{},"end":{}}],"line":464},"61":{"loc":{"start":{"line":464,"column":17},"end":{"line":464,"column":61}},"type":"binary-expr","locations":[{"start":{"line":464,"column":17},"end":{"line":464,"column":37}},{"start":{"line":464,"column":41},"end":{"line":464,"column":61}}],"line":464},"62":{"loc":{"start":{"line":485,"column":12},"end":{"line":487,"column":13}},"type":"if","locations":[{"start":{"line":485,"column":12},"end":{"line":487,"column":13}},{"start":{},"end":{}}],"line":485},"63":{"loc":{"start":{"line":485,"column":16},"end":{"line":485,"column":107}},"type":"binary-expr","locations":[{"start":{"line":485,"column":16},"end":{"line":485,"column":44}},{"start":{"line":485,"column":48},"end":{"line":485,"column":76}},{"start":{"line":485,"column":80},"end":{"line":485,"column":107}}],"line":485},"64":{"loc":{"start":{"line":504,"column":8},"end":{"line":505,"column":57}},"type":"if","locations":[{"start":{"line":504,"column":8},"end":{"line":505,"column":57}},{"start":{},"end":{}}],"line":504},"65":{"loc":{"start":{"line":513,"column":8},"end":{"line":515,"column":9}},"type":"if","locations":[{"start":{"line":513,"column":8},"end":{"line":515,"column":9}},{"start":{},"end":{}}],"line":513},"66":{"loc":{"start":{"line":513,"column":12},"end":{"line":513,"column":296}},"type":"binary-expr","locations":[{"start":{"line":513,"column":12},"end":{"line":513,"column":104}},{"start":{"line":513,"column":108},"end":{"line":513,"column":205}},{"start":{"line":513,"column":209},"end":{"line":513,"column":296}}],"line":513},"67":{"loc":{"start":{"line":513,"column":13},"end":{"line":513,"column":89}},"type":"cond-expr","locations":[{"start":{"line":513,"column":70},"end":{"line":513,"column":76}},{"start":{"line":513,"column":79},"end":{"line":513,"column":89}}],"line":513},"68":{"loc":{"start":{"line":513,"column":13},"end":{"line":513,"column":67}},"type":"binary-expr","locations":[{"start":{"line":513,"column":13},"end":{"line":513,"column":50}},{"start":{"line":513,"column":54},"end":{"line":513,"column":67}}],"line":513},"69":{"loc":{"start":{"line":513,"column":109},"end":{"line":513,"column":185}},"type":"cond-expr","locations":[{"start":{"line":513,"column":166},"end":{"line":513,"column":172}},{"start":{"line":513,"column":175},"end":{"line":513,"column":185}}],"line":513},"70":{"loc":{"start":{"line":513,"column":109},"end":{"line":513,"column":163}},"type":"binary-expr","locations":[{"start":{"line":513,"column":109},"end":{"line":513,"column":146}},{"start":{"line":513,"column":150},"end":{"line":513,"column":163}}],"line":513},"71":{"loc":{"start":{"line":513,"column":210},"end":{"line":513,"column":286}},"type":"cond-expr","locations":[{"start":{"line":513,"column":267},"end":{"line":513,"column":273}},{"start":{"line":513,"column":276},"end":{"line":513,"column":286}}],"line":513},"72":{"loc":{"start":{"line":513,"column":210},"end":{"line":513,"column":264}},"type":"binary-expr","locations":[{"start":{"line":513,"column":210},"end":{"line":513,"column":247}},{"start":{"line":513,"column":251},"end":{"line":513,"column":264}}],"line":513},"73":{"loc":{"start":{"line":518,"column":8},"end":{"line":523,"column":9}},"type":"if","locations":[{"start":{"line":518,"column":8},"end":{"line":523,"column":9}},{"start":{"line":521,"column":13},"end":{"line":523,"column":9}}],"line":518},"74":{"loc":{"start":{"line":528,"column":0},"end":{"line":540,"column":1}},"type":"if","locations":[{"start":{"line":528,"column":0},"end":{"line":540,"column":1}},{"start":{},"end":{}}],"line":528},"75":{"loc":{"start":{"line":531,"column":4},"end":{"line":539,"column":6}},"type":"cond-expr","locations":[{"start":{"line":531,"column":60},"end":{"line":531,"column":66}},{"start":{"line":531,"column":69},"end":{"line":539,"column":6}}],"line":531},"76":{"loc":{"start":{"line":531,"column":4},"end":{"line":531,"column":57}},"type":"binary-expr","locations":[{"start":{"line":531,"column":4},"end":{"line":531,"column":40}},{"start":{"line":531,"column":44},"end":{"line":531,"column":57}}],"line":531}},"s":{"0":4,"1":677,"2":677,"3":677,"4":677,"5":662,"6":65,"7":677,"8":0,"9":0,"10":0,"11":4,"12":20,"13":0,"14":4,"15":20,"16":0,"17":20,"18":20,"19":20,"20":677,"21":677,"22":20,"23":20,"24":4,"25":4,"26":4,"27":4,"28":4,"29":4,"30":4,"31":4,"32":4,"33":4,"34":4,"35":4,"36":4,"37":4,"38":4,"39":4,"40":4,"41":4,"42":4,"43":4,"44":4,"45":4,"46":4,"47":4,"48":4,"49":4,"50":4,"51":4,"52":4,"53":4,"54":4,"55":4,"56":2,"57":2,"58":2,"59":2,"60":2,"61":2,"62":2,"63":2,"64":28,"65":18,"66":10,"67":10,"68":10,"69":10,"70":10,"71":10,"72":10,"73":2,"74":10,"75":10,"76":10,"77":10,"78":2,"79":10,"80":2,"81":10,"82":2,"83":2,"84":8,"85":10,"86":0,"87":10,"88":10,"89":2,"90":2,"91":20,"92":0,"93":0,"94":0,"95":0,"96":0,"97":0,"98":0,"99":0,"100":0,"101":0,"102":0,"103":0,"104":0,"105":0,"106":0,"107":0,"108":0,"109":0,"110":0,"111":0,"112":0,"113":0,"114":0,"115":0,"116":0,"117":0,"118":0,"119":0,"120":0,"121":0,"122":0,"123":0,"124":0,"125":0,"126":0,"127":0,"128":0,"129":0,"130":0,"131":0,"132":0,"133":0,"134":0,"135":0,"136":0,"137":0,"138":0,"139":0,"140":0,"141":0,"142":0,"143":0,"144":0,"145":0,"146":0,"147":0,"148":0,"149":0,"150":0,"151":0,"152":0,"153":0,"154":0,"155":0,"156":0,"157":4,"158":4,"159":4,"160":4,"161":4,"162":1,"163":3,"164":3,"165":3,"166":1,"167":2,"168":2,"169":0,"170":2,"171":2,"172":1,"173":1,"174":1,"175":1,"176":1,"177":1,"178":1,"179":1,"180":1,"181":1,"182":1,"183":1,"184":4,"185":1,"186":1,"187":4,"188":1,"189":0,"190":2,"191":2,"192":2,"193":2,"194":1,"195":1,"196":2,"197":1,"198":1,"199":1,"200":1,"201":0,"202":0,"203":0,"204":0,"205":0,"206":0,"207":0,"208":0,"209":0,"210":0,"211":0,"212":0,"213":0,"214":0,"215":0,"216":0,"217":0,"218":0,"219":0,"220":0,"221":0,"222":0,"223":0,"224":0,"225":0,"226":0,"227":0,"228":0,"229":0,"230":0,"231":0,"232":0,"233":0,"234":0,"235":0,"236":0,"237":0,"238":0,"239":0,"240":0,"241":0,"242":0,"243":0,"244":0,"245":0,"246":0,"247":0,"248":0,"249":0,"250":0,"251":2,"252":2,"253":2,"254":2,"255":0,"256":2,"257":2,"258":0,"259":0,"260":2,"261":2,"262":0,"263":4,"264":0,"265":0,"266":0,"267":0,"268":0,"269":0,"270":0,"271":0},"f":{"0":677,"1":65,"2":0,"3":20,"4":0,"5":20,"6":4,"7":2,"8":2,"9":28,"10":10,"11":10,"12":10,"13":10,"14":2,"15":0,"16":0,"17":0,"18":0,"19":0,"20":0,"21":0,"22":0,"23":0,"24":0,"25":4,"26":4,"27":4,"28":3,"29":0,"30":2,"31":1,"32":1,"33":4,"34":4,"35":2,"36":2,"37":1,"38":2,"39":1,"40":0,"41":0,"42":0,"43":0,"44":2,"45":0,"46":0,"47":0},"b":{"0":[4,4,4],"1":[4,0],"2":[677,0],"3":[662,15],"4":[677,677],"5":[15,662],"6":[662,15],"7":[0,0],"8":[4,4,4],"9":[4,0],"10":[4,4,4],"11":[0,20],"12":[20,20],"13":[20,0],"14":[677,0],"15":[677,677],"16":[4,4,4],"17":[0,4],"18":[4,4],"19":[3,1],"20":[4,4],"21":[3,1],"22":[4,4],"23":[18,10],"24":[2,8],"25":[0,0],"26":[0,0],"27":[0,0],"28":[0,0],"29":[0,0],"30":[0,0],"31":[0,0],"32":[0,0],"33":[0,0],"34":[0,0],"35":[0,0],"36":[0,0],"37":[0,0],"38":[0,0],"39":[0,0],"40":[0,0],"41":[0,0],"42":[0,0],"43":[1,3],"44":[1,2],"45":[1,1],"46":[4,2],"47":[0,0],"48":[0,0],"49":[0,0],"50":[0,0],"51":[0,0],"52":[0,0],"53":[0,0],"54":[0,0],"55":[0,0],"56":[0,0],"57":[0,0],"58":[0,0],"59":[0,0],"60":[0,0],"61":[0,0],"62":[0,0],"63":[0,0,0],"64":[0,2],"65":[0,0],"66":[0,0,0],"67":[0,0],"68":[0,0],"69":[0,0],"70":[0,0],"71":[0,0],"72":[0,0],"73":[2,0],"74":[0,4],"75":[0,0],"76":[0,0]},"_coverageSchema":"1a1c01bbd47fc00a2c39e90264f33305004495a9","hash":"e4dd618e4b6172873a2b94b1a21727f06cbf8a60"}
,"/home/shay/a/nolang/ECE461/group21-phase1/src/util.js": {"path":"/home/shay/a/nolang/ECE461/group21-phase1/src/util.js","statementMap":{"0":{"start":{"line":2,"column":0},"end":{"line":2,"column":62}},"1":{"start":{"line":3,"column":0},"end":{"line":3,"column":36}},"2":{"start":{"line":4,"column":0},"end":{"line":4,"column":56}},"3":{"start":{"line":13,"column":4},"end":{"line":31,"column":5}},"4":{"start":{"line":15,"column":12},"end":{"line":16,"column":37}},"5":{"start":{"line":16,"column":16},"end":{"line":16,"column":37}},"6":{"start":{"line":17,"column":12},"end":{"line":18,"column":44}},"7":{"start":{"line":18,"column":16},"end":{"line":18,"column":44}},"8":{"start":{"line":19,"column":12},"end":{"line":19,"column":18}},"9":{"start":{"line":22,"column":12},"end":{"line":22,"column":18}},"10":{"start":{"line":25,"column":12},"end":{"line":26,"column":37}},"11":{"start":{"line":26,"column":16},"end":{"line":26,"column":37}},"12":{"start":{"line":27,"column":12},"end":{"line":28,"column":55}},"13":{"start":{"line":28,"column":16},"end":{"line":28,"column":55}},"14":{"start":{"line":29,"column":12},"end":{"line":29,"column":18}},"15":{"start":{"line":40,"column":25},"end":{"line":40,"column":62}},"16":{"start":{"line":41,"column":18},"end":{"line":41,"column":55}},"17":{"start":{"line":42,"column":24},"end":{"line":42,"column":81}},"18":{"start":{"line":43,"column":4},"end":{"line":43,"column":32}}},"fnMap":{"0":{"name":"handleOutput","decl":{"start":{"line":12,"column":15},"end":{"line":12,"column":27}},"loc":{"start":{"line":12,"column":75},"end":{"line":32,"column":1}},"line":12},"1":{"name":"getOwnerAndPackageName","decl":{"start":{"line":39,"column":9},"end":{"line":39,"column":31}},"loc":{"start":{"line":39,"column":44},"end":{"line":44,"column":1}},"line":39}},"branchMap":{"0":{"loc":{"start":{"line":12,"column":28},"end":{"line":12,"column":40}},"type":"default-arg","locations":[{"start":{"line":12,"column":38},"end":{"line":12,"column":40}}],"line":12},"1":{"loc":{"start":{"line":12,"column":42},"end":{"line":12,"column":59}},"type":"default-arg","locations":[{"start":{"line":12,"column":57},"end":{"line":12,"column":59}}],"line":12},"2":{"loc":{"start":{"line":12,"column":61},"end":{"line":12,"column":73}},"type":"default-arg","locations":[{"start":{"line":12,"column":72},"end":{"line":12,"column":73}}],"line":12},"3":{"loc":{"start":{"line":13,"column":4},"end":{"line":31,"column":5}},"type":"switch","locations":[{"start":{"line":14,"column":8},"end":{"line":20,"column":9}},{"start":{"line":21,"column":8},"end":{"line":23,"column":9}},{"start":{"line":24,"column":8},"end":{"line":30,"column":9}}],"line":13},"4":{"loc":{"start":{"line":15,"column":12},"end":{"line":16,"column":37}},"type":"if","locations":[{"start":{"line":15,"column":12},"end":{"line":16,"column":37}},{"start":{},"end":{}}],"line":15},"5":{"loc":{"start":{"line":17,"column":12},"end":{"line":18,"column":44}},"type":"if","locations":[{"start":{"line":17,"column":12},"end":{"line":18,"column":44}},{"start":{},"end":{}}],"line":17},"6":{"loc":{"start":{"line":25,"column":12},"end":{"line":26,"column":37}},"type":"if","locations":[{"start":{"line":25,"column":12},"end":{"line":26,"column":37}},{"start":{},"end":{}}],"line":25},"7":{"loc":{"start":{"line":27,"column":12},"end":{"line":28,"column":55}},"type":"if","locations":[{"start":{"line":27,"column":12},"end":{"line":28,"column":55}},{"start":{},"end":{}}],"line":27}},"s":{"0":4,"1":4,"2":4,"3":0,"4":0,"5":0,"6":0,"7":0,"8":0,"9":0,"10":0,"11":0,"12":0,"13":0,"14":0,"15":2,"16":2,"17":2,"18":2},"f":{"0":0,"1":2},"b":{"0":[0],"1":[0],"2":[0],"3":[0,0,0],"4":[0,0],"5":[0,0],"6":[0,0],"7":[0,0]},"_coverageSchema":"1a1c01bbd47fc00a2c39e90264f33305004495a9","hash":"a8695913224aa610b7bf0fbb25b43301d285c8ef"}
}
