TN:
SF:src/metrics.js
FN:8,(anonymous_0)
FN:12,(anonymous_1)
FN:15,(anonymous_2)
FN:19,(anonymous_3)
FN:21,(anonymous_4)
FN:24,(anonymous_5)
FN:31,(anonymous_6)
FN:75,computeMetrics
FN:76,(anonymous_8)
FN:85,startNewWorker
FN:96,(anonymous_10)
FN:103,(anonymous_11)
FN:109,(anonymous_12)
FN:110,(anonymous_13)
FN:111,(anonymous_14)
FN:113,(anonymous_15)
FN:119,(anonymous_16)
FN:135,metricsRunner
FN:151,countIssue
FN:185,maintainerActiveness
FN:210,busFactor
FN:234,(anonymous_21)
FN:242,(anonymous_22)
FN:258,correctness
FN:272,dependencyAnalysis
FN:273,(anonymous_25)
FN:279,(anonymous_26)
FN:301,(anonymous_27)
FN:310,(anonymous_28)
FN:316,(anonymous_29)
FN:319,(anonymous_30)
FN:330,(anonymous_31)
FN:348,linting
FN:349,(anonymous_33)
FN:360,(anonymous_34)
FN:362,(anonymous_35)
FN:366,(anonymous_36)
FN:378,rampUpTime
FN:414,findReadmeFile
FN:436,getAllCodeFiles
FN:459,analyzeCodeComments
FN:479,(anonymous_41)
FN:480,(anonymous_42)
FN:483,(anonymous_43)
FNF:44
FNH:18
FNDA:328,(anonymous_0)
FNDA:27,(anonymous_1)
FNDA:0,(anonymous_2)
FNDA:10,(anonymous_3)
FNDA:0,(anonymous_4)
FNDA:10,(anonymous_5)
FNDA:2,(anonymous_6)
FNDA:0,computeMetrics
FNDA:0,(anonymous_8)
FNDA:0,startNewWorker
FNDA:0,(anonymous_10)
FNDA:0,(anonymous_11)
FNDA:0,(anonymous_12)
FNDA:0,(anonymous_13)
FNDA:0,(anonymous_14)
FNDA:0,(anonymous_15)
FNDA:0,(anonymous_16)
FNDA:0,metricsRunner
FNDA:0,countIssue
FNDA:0,maintainerActiveness
FNDA:0,busFactor
FNDA:0,(anonymous_21)
FNDA:0,(anonymous_22)
FNDA:0,correctness
FNDA:2,dependencyAnalysis
FNDA:2,(anonymous_25)
FNDA:2,(anonymous_26)
FNDA:1,(anonymous_27)
FNDA:1,(anonymous_28)
FNDA:1,(anonymous_29)
FNDA:1,(anonymous_30)
FNDA:4,(anonymous_31)
FNDA:2,linting
FNDA:2,(anonymous_33)
FNDA:1,(anonymous_34)
FNDA:2,(anonymous_35)
FNDA:1,(anonymous_36)
FNDA:0,rampUpTime
FNDA:0,findReadmeFile
FNDA:0,getAllCodeFiles
FNDA:0,analyzeCodeComments
FNDA:0,(anonymous_41)
FNDA:0,(anonymous_42)
FNDA:0,(anonymous_43)
DA:8,2
DA:9,328
DA:10,328
DA:11,328
DA:12,323
DA:14,328
DA:16,0
DA:17,0
DA:19,2
DA:20,10
DA:22,0
DA:24,2
DA:25,10
DA:26,10
DA:27,328
DA:28,10
DA:29,10
DA:31,2
DA:32,2
DA:35,2
DA:36,2
DA:37,2
DA:38,2
DA:39,2
DA:40,2
DA:41,2
DA:42,2
DA:43,2
DA:44,2
DA:45,2
DA:46,2
DA:47,2
DA:48,2
DA:49,2
DA:50,2
DA:51,2
DA:52,2
DA:53,2
DA:54,2
DA:55,2
DA:56,2
DA:62,2
DA:63,2
DA:68,2
DA:76,0
DA:78,0
DA:79,0
DA:80,0
DA:81,0
DA:82,0
DA:83,0
DA:84,0
DA:86,0
DA:87,0
DA:89,0
DA:94,0
DA:95,0
DA:96,0
DA:97,0
DA:101,0
DA:102,0
DA:103,0
DA:104,0
DA:105,0
DA:106,0
DA:107,0
DA:109,0
DA:110,0
DA:111,0
DA:112,0
DA:113,0
DA:116,0
DA:119,0
DA:120,0
DA:122,0
DA:123,0
DA:125,0
DA:126,0
DA:137,0
DA:138,0
DA:140,0
DA:141,0
DA:152,0
DA:153,0
DA:154,0
DA:162,0
DA:163,0
DA:165,0
DA:166,0
DA:167,0
DA:170,0
DA:173,0
DA:174,0
DA:186,0
DA:187,0
DA:188,0
DA:189,0
DA:190,0
DA:191,0
DA:192,0
DA:193,0
DA:194,0
DA:196,0
DA:199,0
DA:201,0
DA:211,0
DA:212,0
DA:213,0
DA:214,0
DA:216,0
DA:217,0
DA:218,0
DA:219,0
DA:228,0
DA:229,0
DA:230,0
DA:232,0
DA:234,0
DA:236,0
DA:237,0
DA:238,0
DA:242,0
DA:243,0
DA:244,0
DA:247,0
DA:248,0
DA:259,0
DA:260,0
DA:261,0
DA:262,0
DA:263,0
DA:264,0
DA:273,2
DA:279,2
DA:280,2
DA:281,1
DA:283,2
DA:285,1
DA:286,1
DA:287,1
DA:288,1
DA:289,1
DA:293,1
DA:294,1
DA:295,1
DA:296,1
DA:297,1
DA:301,1
DA:302,1
DA:303,0
DA:309,1
DA:310,1
DA:311,1
DA:312,0
DA:314,1
DA:315,1
DA:316,1
DA:317,1
DA:319,1
DA:320,1
DA:321,1
DA:322,1
DA:323,1
DA:324,1
DA:325,1
DA:326,1
DA:327,4
DA:329,1
DA:330,4
DA:331,1
DA:334,0
DA:349,2
DA:351,2
DA:358,2
DA:360,2
DA:361,1
DA:362,2
DA:363,1
DA:364,1
DA:365,1
DA:367,1
DA:379,0
DA:380,0
DA:382,0
DA:383,0
DA:384,0
DA:385,0
DA:386,0
DA:387,0
DA:391,0
DA:396,0
DA:399,0
DA:400,0
DA:402,0
DA:403,0
DA:405,0
DA:406,0
DA:415,0
DA:416,0
DA:417,0
DA:418,0
DA:419,0
DA:420,0
DA:421,0
DA:422,0
DA:424,0
DA:425,0
DA:428,0
DA:437,0
DA:438,0
DA:439,0
DA:440,0
DA:441,0
DA:442,0
DA:443,0
DA:444,0
DA:445,0
DA:447,0
DA:448,0
DA:451,0
DA:460,0
DA:461,0
DA:462,0
DA:463,0
DA:464,0
DA:465,0
DA:466,0
DA:467,0
DA:468,0
DA:469,0
DA:470,0
DA:474,0
DA:476,2
DA:477,0
DA:478,0
DA:479,0
DA:480,0
DA:481,0
DA:482,0
DA:484,0
DA:485,0
DA:486,0
LF:242
LH:88
BRDA:8,0,0,2
BRDA:8,0,1,2
BRDA:8,0,2,2
BRDA:8,1,0,2
BRDA:8,1,1,0
BRDA:9,2,0,328
BRDA:9,2,1,0
BRDA:11,3,0,323
BRDA:11,3,1,5
BRDA:11,4,0,328
BRDA:11,4,1,328
BRDA:11,5,0,8
BRDA:11,5,1,320
BRDA:11,6,0,320
BRDA:11,6,1,5
BRDA:16,7,0,0
BRDA:16,7,1,0
BRDA:19,8,0,2
BRDA:19,8,1,2
BRDA:19,8,2,2
BRDA:19,9,0,2
BRDA:19,9,1,0
BRDA:24,10,0,2
BRDA:24,10,1,2
BRDA:24,10,2,2
BRDA:25,11,0,0
BRDA:25,11,1,10
BRDA:25,12,0,10
BRDA:25,12,1,10
BRDA:27,13,0,10
BRDA:27,13,1,0
BRDA:27,14,0,328
BRDA:27,14,1,0
BRDA:27,15,0,328
BRDA:27,15,1,328
BRDA:31,16,0,2
BRDA:31,16,1,2
BRDA:31,16,2,2
BRDA:32,17,0,0
BRDA:32,17,1,2
BRDA:32,18,0,2
BRDA:32,18,1,2
BRDA:51,19,0,0
BRDA:51,19,1,2
BRDA:51,20,0,2
BRDA:51,20,1,2
BRDA:54,21,0,1
BRDA:54,21,1,1
BRDA:54,22,0,2
BRDA:54,22,1,2
BRDA:86,23,0,0
BRDA:86,23,1,0
BRDA:102,24,0,0
BRDA:102,24,1,0
BRDA:163,25,0,0
BRDA:163,25,1,0
BRDA:166,26,0,0
BRDA:166,26,1,0
BRDA:189,27,0,0
BRDA:189,27,1,0
BRDA:193,28,0,0
BRDA:193,28,1,0
BRDA:213,29,0,0
BRDA:213,29,1,0
BRDA:229,30,0,0
BRDA:229,30,1,0
BRDA:229,31,0,0
BRDA:229,31,1,0
BRDA:236,32,0,0
BRDA:236,32,1,0
BRDA:236,33,0,0
BRDA:236,33,1,0
BRDA:237,34,0,0
BRDA:237,34,1,0
BRDA:238,35,0,0
BRDA:238,35,1,0
BRDA:243,36,0,0
BRDA:243,36,1,0
BRDA:280,37,0,1
BRDA:280,37,1,1
BRDA:285,38,0,1
BRDA:285,38,1,0
BRDA:287,39,0,1
BRDA:287,39,1,0
BRDA:287,40,0,1
BRDA:287,40,1,1
BRDA:293,41,0,1
BRDA:293,41,1,0
BRDA:295,42,0,1
BRDA:295,42,1,0
BRDA:295,43,0,1
BRDA:295,43,1,1
BRDA:302,44,0,0
BRDA:302,44,1,1
BRDA:311,45,0,0
BRDA:311,45,1,1
BRDA:327,46,0,4
BRDA:327,46,1,4
BRDA:384,47,0,0
BRDA:384,47,1,0
BRDA:387,48,0,0
BRDA:387,48,1,0
BRDA:387,49,0,0
BRDA:387,49,1,0
BRDA:387,50,0,0
BRDA:387,50,1,0
BRDA:403,51,0,0
BRDA:403,51,1,0
BRDA:403,52,0,0
BRDA:403,52,1,0
BRDA:403,53,0,0
BRDA:403,53,1,0
BRDA:419,54,0,0
BRDA:419,54,1,0
BRDA:421,55,0,0
BRDA:421,55,1,0
BRDA:424,56,0,0
BRDA:424,56,1,0
BRDA:444,57,0,0
BRDA:444,57,1,0
BRDA:447,58,0,0
BRDA:447,58,1,0
BRDA:447,59,0,0
BRDA:447,59,1,0
BRDA:469,60,0,0
BRDA:469,60,1,0
BRDA:469,61,0,0
BRDA:469,61,1,0
BRDA:469,61,2,0
BRDA:476,62,0,0
BRDA:476,62,1,2
BRDA:479,63,0,0
BRDA:479,63,1,0
BRDA:479,64,0,0
BRDA:479,64,1,0
BRF:135
BRH:55
end_of_record
TN:
SF:src/util.js
FN:12,handleOutput
FN:39,getOwnerAndPackageName
FNF:2
FNH:0
FNDA:0,handleOutput
FNDA:0,getOwnerAndPackageName
DA:2,2
DA:3,2
DA:4,2
DA:13,0
DA:15,0
DA:16,0
DA:17,0
DA:18,0
DA:19,0
DA:22,0
DA:25,0
DA:26,0
DA:27,0
DA:28,0
DA:29,0
DA:40,0
DA:41,0
DA:42,0
DA:43,0
LF:19
LH:3
BRDA:12,0,0,0
BRDA:12,1,0,0
BRDA:12,2,0,0
BRDA:13,3,0,0
BRDA:13,3,1,0
BRDA:13,3,2,0
BRDA:15,4,0,0
BRDA:15,4,1,0
BRDA:17,5,0,0
BRDA:17,5,1,0
BRDA:25,6,0,0
BRDA:25,6,1,0
BRDA:27,7,0,0
BRDA:27,7,1,0
BRF:14
BRH:0
end_of_record
