TN:
SF:src/metrics.js
FN:8,(anonymous_0)
FN:12,(anonymous_1)
FN:15,(anonymous_2)
FN:19,(anonymous_3)
FN:21,(anonymous_4)
FN:24,(anonymous_5)
FN:31,(anonymous_6)
FN:82,computeMetrics
FN:83,(anonymous_8)
FN:92,startNewWorker
FN:103,(anonymous_10)
FN:110,(anonymous_11)
FN:116,(anonymous_12)
FN:117,(anonymous_13)
FN:118,(anonymous_14)
FN:120,(anonymous_15)
FN:126,(anonymous_16)
FN:142,metricsRunner
FN:158,countIssue
FN:192,ResponsiveMaintainer
FN:217,BusFactor
FN:241,(anonymous_21)
FN:249,(anonymous_22)
FN:265,Correctness
FN:268,(anonymous_24)
FN:307,dependencyAnalysis
FN:310,(anonymous_26)
FN:312,(anonymous_27)
FN:317,(anonymous_28)
FN:322,(anonymous_29)
FN:325,(anonymous_30)
FN:331,(anonymous_31)
FN:334,(anonymous_32)
FN:340,(anonymous_33)
FN:342,(anonymous_34)
FN:360,linting
FN:361,(anonymous_36)
FN:372,(anonymous_37)
FN:374,(anonymous_38)
FN:378,(anonymous_39)
FN:390,RampUp
FN:424,findReadmeFile
FN:451,getAllCodeFiles
FN:476,analyzeCodeComments
FN:499,License
FN:531,(anonymous_45)
FN:532,(anonymous_46)
FN:535,(anonymous_47)
FNF:48
FNH:28
FNDA:677,(anonymous_0)
FNDA:65,(anonymous_1)
FNDA:0,(anonymous_2)
FNDA:20,(anonymous_3)
FNDA:0,(anonymous_4)
FNDA:20,(anonymous_5)
FNDA:4,(anonymous_6)
FNDA:2,computeMetrics
FNDA:2,(anonymous_8)
FNDA:28,startNewWorker
FNDA:10,(anonymous_10)
FNDA:10,(anonymous_11)
FNDA:10,(anonymous_12)
FNDA:10,(anonymous_13)
FNDA:2,(anonymous_14)
FNDA:0,(anonymous_15)
FNDA:0,(anonymous_16)
FNDA:0,metricsRunner
FNDA:0,countIssue
FNDA:0,ResponsiveMaintainer
FNDA:0,BusFactor
FNDA:0,(anonymous_21)
FNDA:0,(anonymous_22)
FNDA:0,Correctness
FNDA:0,(anonymous_24)
FNDA:4,dependencyAnalysis
FNDA:4,(anonymous_26)
FNDA:4,(anonymous_27)
FNDA:3,(anonymous_28)
FNDA:0,(anonymous_29)
FNDA:2,(anonymous_30)
FNDA:1,(anonymous_31)
FNDA:1,(anonymous_32)
FNDA:4,(anonymous_33)
FNDA:4,(anonymous_34)
FNDA:2,linting
FNDA:2,(anonymous_36)
FNDA:1,(anonymous_37)
FNDA:2,(anonymous_38)
FNDA:1,(anonymous_39)
FNDA:0,RampUp
FNDA:0,findReadmeFile
FNDA:0,getAllCodeFiles
FNDA:0,analyzeCodeComments
FNDA:2,License
FNDA:0,(anonymous_45)
FNDA:0,(anonymous_46)
FNDA:0,(anonymous_47)
DA:8,4
DA:9,677
DA:10,677
DA:11,677
DA:12,662
DA:14,677
DA:16,0
DA:17,0
DA:19,4
DA:20,20
DA:22,0
DA:24,4
DA:25,20
DA:26,20
DA:27,677
DA:28,20
DA:29,20
DA:31,4
DA:32,4
DA:35,4
DA:36,4
DA:37,4
DA:38,4
DA:39,4
DA:40,4
DA:41,4
DA:42,4
DA:43,4
DA:44,4
DA:45,4
DA:46,4
DA:47,4
DA:48,4
DA:49,4
DA:50,4
DA:51,4
DA:52,4
DA:53,4
DA:54,4
DA:55,4
DA:56,4
DA:57,4
DA:58,4
DA:59,4
DA:60,4
DA:61,4
DA:67,4
DA:68,4
DA:75,4
DA:83,2
DA:85,2
DA:86,2
DA:87,2
DA:88,2
DA:89,2
DA:90,2
DA:91,2
DA:93,28
DA:94,18
DA:96,10
DA:101,10
DA:102,10
DA:103,10
DA:104,10
DA:108,10
DA:109,10
DA:110,2
DA:111,10
DA:112,10
DA:113,10
DA:114,10
DA:116,10
DA:117,10
DA:118,2
DA:119,2
DA:123,8
DA:126,10
DA:127,0
DA:129,10
DA:130,10
DA:132,2
DA:133,20
DA:144,0
DA:145,0
DA:147,0
DA:148,0
DA:159,0
DA:160,0
DA:161,0
DA:169,0
DA:170,0
DA:172,0
DA:173,0
DA:174,0
DA:177,0
DA:181,0
DA:193,0
DA:194,0
DA:195,0
DA:196,0
DA:197,0
DA:198,0
DA:199,0
DA:200,0
DA:201,0
DA:203,0
DA:206,0
DA:208,0
DA:218,0
DA:219,0
DA:220,0
DA:221,0
DA:223,0
DA:224,0
DA:225,0
DA:226,0
DA:235,0
DA:236,0
DA:237,0
DA:239,0
DA:241,0
DA:243,0
DA:244,0
DA:245,0
DA:249,0
DA:250,0
DA:251,0
DA:255,0
DA:266,0
DA:267,0
DA:269,0
DA:270,0
DA:271,0
DA:272,0
DA:275,0
DA:280,0
DA:281,0
DA:282,0
DA:283,0
DA:286,0
DA:288,0
DA:289,0
DA:292,0
DA:295,0
DA:296,0
DA:298,0
DA:308,4
DA:309,4
DA:310,4
DA:312,4
DA:313,4
DA:314,1
DA:316,3
DA:317,3
DA:318,3
DA:319,1
DA:321,2
DA:322,2
DA:323,0
DA:325,2
DA:326,2
DA:327,1
DA:329,1
DA:330,1
DA:331,1
DA:332,1
DA:334,1
DA:335,1
DA:336,1
DA:337,1
DA:338,1
DA:339,1
DA:340,4
DA:341,1
DA:342,4
DA:343,1
DA:346,0
DA:361,2
DA:363,2
DA:370,2
DA:372,2
DA:373,1
DA:374,2
DA:375,1
DA:376,1
DA:377,1
DA:379,1
DA:392,0
DA:393,0
DA:394,0
DA:395,0
DA:396,0
DA:397,0
DA:401,0
DA:406,0
DA:409,0
DA:410,0
DA:412,0
DA:413,0
DA:415,0
DA:416,0
DA:425,0
DA:426,0
DA:427,0
DA:428,0
DA:429,0
DA:432,0
DA:434,0
DA:435,0
DA:436,0
DA:437,0
DA:439,0
DA:440,0
DA:443,0
DA:452,0
DA:453,0
DA:454,0
DA:455,0
DA:456,0
DA:457,0
DA:459,0
DA:461,0
DA:462,0
DA:464,0
DA:465,0
DA:468,0
DA:477,0
DA:478,0
DA:479,0
DA:480,0
DA:481,0
DA:482,0
DA:483,0
DA:484,0
DA:485,0
DA:486,0
DA:490,0
DA:501,2
DA:502,2
DA:503,2
DA:504,2
DA:505,0
DA:506,2
DA:507,2
DA:513,0
DA:514,0
DA:518,2
DA:524,2
DA:526,0
DA:528,4
DA:529,0
DA:530,0
DA:531,0
DA:532,0
DA:533,0
DA:534,0
DA:536,0
DA:537,0
LF:258
LH:126
BRDA:8,0,0,4
BRDA:8,0,1,4
BRDA:8,0,2,4
BRDA:8,1,0,4
BRDA:8,1,1,0
BRDA:9,2,0,677
BRDA:9,2,1,0
BRDA:11,3,0,662
BRDA:11,3,1,15
BRDA:11,4,0,677
BRDA:11,4,1,677
BRDA:11,5,0,15
BRDA:11,5,1,662
BRDA:11,6,0,662
BRDA:11,6,1,15
BRDA:16,7,0,0
BRDA:16,7,1,0
BRDA:19,8,0,4
BRDA:19,8,1,4
BRDA:19,8,2,4
BRDA:19,9,0,4
BRDA:19,9,1,0
BRDA:24,10,0,4
BRDA:24,10,1,4
BRDA:24,10,2,4
BRDA:25,11,0,0
BRDA:25,11,1,20
BRDA:25,12,0,20
BRDA:25,12,1,20
BRDA:27,13,0,20
BRDA:27,13,1,0
BRDA:27,14,0,677
BRDA:27,14,1,0
BRDA:27,15,0,677
BRDA:27,15,1,677
BRDA:31,16,0,4
BRDA:31,16,1,4
BRDA:31,16,2,4
BRDA:32,17,0,0
BRDA:32,17,1,4
BRDA:32,18,0,4
BRDA:32,18,1,4
BRDA:56,19,0,3
BRDA:56,19,1,1
BRDA:56,20,0,4
BRDA:56,20,1,4
BRDA:59,21,0,3
BRDA:59,21,1,1
BRDA:59,22,0,4
BRDA:59,22,1,4
BRDA:93,23,0,18
BRDA:93,23,1,10
BRDA:109,24,0,2
BRDA:109,24,1,8
BRDA:170,25,0,0
BRDA:170,25,1,0
BRDA:173,26,0,0
BRDA:173,26,1,0
BRDA:196,27,0,0
BRDA:196,27,1,0
BRDA:200,28,0,0
BRDA:200,28,1,0
BRDA:220,29,0,0
BRDA:220,29,1,0
BRDA:236,30,0,0
BRDA:236,30,1,0
BRDA:236,31,0,0
BRDA:236,31,1,0
BRDA:243,32,0,0
BRDA:243,32,1,0
BRDA:243,33,0,0
BRDA:243,33,1,0
BRDA:244,34,0,0
BRDA:244,34,1,0
BRDA:245,35,0,0
BRDA:245,35,1,0
BRDA:250,36,0,0
BRDA:250,36,1,0
BRDA:280,37,0,0
BRDA:280,37,1,0
BRDA:281,38,0,0
BRDA:281,38,1,0
BRDA:282,39,0,0
BRDA:282,39,1,0
BRDA:288,40,0,0
BRDA:288,40,1,0
BRDA:295,41,0,0
BRDA:295,41,1,0
BRDA:295,42,0,0
BRDA:295,42,1,0
BRDA:313,43,0,1
BRDA:313,43,1,3
BRDA:318,44,0,1
BRDA:318,44,1,2
BRDA:326,45,0,1
BRDA:326,45,1,1
BRDA:340,46,0,4
BRDA:340,46,1,2
BRDA:394,47,0,0
BRDA:394,47,1,0
BRDA:397,48,0,0
BRDA:397,48,1,0
BRDA:397,49,0,0
BRDA:397,49,1,0
BRDA:397,50,0,0
BRDA:397,50,1,0
BRDA:413,51,0,0
BRDA:413,51,1,0
BRDA:413,52,0,0
BRDA:413,52,1,0
BRDA:413,53,0,0
BRDA:413,53,1,0
BRDA:429,54,0,0
BRDA:429,54,1,0
BRDA:434,55,0,0
BRDA:434,55,1,0
BRDA:436,56,0,0
BRDA:436,56,1,0
BRDA:439,57,0,0
BRDA:439,57,1,0
BRDA:457,58,0,0
BRDA:457,58,1,0
BRDA:461,59,0,0
BRDA:461,59,1,0
BRDA:464,60,0,0
BRDA:464,60,1,0
BRDA:464,61,0,0
BRDA:464,61,1,0
BRDA:485,62,0,0
BRDA:485,62,1,0
BRDA:485,63,0,0
BRDA:485,63,1,0
BRDA:485,63,2,0
BRDA:504,64,0,0
BRDA:504,64,1,2
BRDA:513,65,0,0
BRDA:513,65,1,0
BRDA:513,66,0,0
BRDA:513,66,1,0
BRDA:513,66,2,0
BRDA:513,67,0,0
BRDA:513,67,1,0
BRDA:513,68,0,0
BRDA:513,68,1,0
BRDA:513,69,0,0
BRDA:513,69,1,0
BRDA:513,70,0,0
BRDA:513,70,1,0
BRDA:513,71,0,0
BRDA:513,71,1,0
BRDA:513,72,0,0
BRDA:513,72,1,0
BRDA:518,73,0,2
BRDA:518,73,1,0
BRDA:528,74,0,0
BRDA:528,74,1,4
BRDA:531,75,0,0
BRDA:531,75,1,0
BRDA:531,76,0,0
BRDA:531,76,1,0
BRF:160
BRH:56
end_of_record
TN:
SF:src/util.js
FN:12,handleOutput
FN:39,getOwnerAndPackageName
FNF:2
FNH:1
FNDA:0,handleOutput
FNDA:2,getOwnerAndPackageName
DA:2,4
DA:3,4
DA:4,4
DA:13,0
DA:15,0
DA:16,0
DA:17,0
DA:18,0
DA:19,0
DA:22,0
DA:25,0
DA:26,0
DA:27,0
DA:28,0
DA:29,0
DA:40,2
DA:41,2
DA:42,2
DA:43,2
LF:19
LH:7
BRDA:12,0,0,0
BRDA:12,1,0,0
BRDA:12,2,0,0
BRDA:13,3,0,0
BRDA:13,3,1,0
BRDA:13,3,2,0
BRDA:15,4,0,0
BRDA:15,4,1,0
BRDA:17,5,0,0
BRDA:17,5,1,0
BRDA:25,6,0,0
BRDA:25,6,1,0
BRDA:27,7,0,0
BRDA:27,7,1,0
BRF:14
BRH:0
end_of_record
